<?xml version="1.0" encoding="UTF-8"?>
<!-- Generated by org.testng.reporters.JUnitXMLReporter -->
<testsuite hostname="imrans-MBP" ignored="0" name="Test" tests="1" failures="1" timestamp="2020-03-08T23:20:47 EET" time="26.97" errors="0">
  <testcase name="DeleteFirstPost" time="26.841" classname="delete.DeletePost">
    <failure type="java.lang.AssertionError" message="expected [جيهيزغسغس] but found [imran]">
      <![CDATA[java.lang.AssertionError: expected [جيهيزغسغس] but found [imran]
at delete.DeletePost.DeleteFirstPost(DeletePost.java:65)
at java.util.ArrayList.forEach(ArrayList.java:1257)
... Removed 32 stack frames]]>
    </failure>
  </testcase> <!-- DeleteFirstPost -->
</testsuite> <!-- Test -->
