<?xml version="1.0" encoding="UTF-8"?>
<testsuite xmlns:xsi="http://www.w3.org/2001/XMLSchema-instance" xsi:noNamespaceSchemaLocation="https://maven.apache.org/surefire/maven-surefire-plugin/xsd/surefire-test-report-3.0.xsd" version="3.0" name="TestSuite" time="367.12" tests="8" errors="0" skipped="0" failures="7">
  <properties>
[...]
</properties>
  <testcase name="LoginWithValidCredentials" classname="smokeTest.SmokeTest" time="23.558"/>
  <testcase name="AddCarPostWithImages" classname="smokeTest.SmokeTest" time="26.369">
    <failure message="Can&apos;t locate an element by this strategy: By.chained({By.AccessibilityId: تسجيل الدخول})" type="org.openqa.selenium.NoSuchElementException"><![CDATA[org.openqa.selenium.NoSuchElementException: Can't locate an element by this strategy: By.chained({By.AccessibilityId: تسجيل الدخول})
	at smokeTest.SmokeTest.AddCarPostWithImages(SmokeTest.java:92)
Caused by: org.openqa.selenium.TimeoutException: Expected condition failed: waiting for io.appium.java_client.pagefactory.AppiumElementLocator$WaitingFunction@79351f41 (tried for 1 second(s) with 500 milliseconds interval)
	at smokeTest.SmokeTest.AddCarPostWithImages(SmokeTest.java:92)
Caused by: org.openqa.selenium.NoSuchElementException: 
Cannot locate an element using By.chained({By.AccessibilityId: تسجيل الدخول})
For documentation on this error, please visit: https://www.seleniumhq.org/exceptions/no_such_element.html
Build info: version: '3.141.59', revision: 'e82be7d358', time: '2018-11-14T08:17:03'
System info: host: 'imrans-MBP', ip: 'fe80:0:0:0:aa:a39f:3722:94b6%en0', os.name: 'Mac OS X', os.arch: 'x86_64', os.version: '10.14.5', java.version: '1.8.0_231'
Driver info: driver.version: IOSDriver
	at smokeTest.SmokeTest.AddCarPostWithImages(SmokeTest.java:92)
]]></failure>
    <system-out><![CDATA[&amp#27;[35m[HTTP]&amp#27;[39m &amp#27;[37m-->&amp#27;[39m &amp#27;[37mPOST&amp#27;[39m &amp#27;[37m/wd/hub/session/26255f9c-9f7a-4f75-98c9-83c1e78aa016/appium/app/reset&amp#27;[39m
&amp#27;[35m[HTTP]&amp#27;[39m &amp#27;[90m{}&amp#27;[39m
[debug] &amp#27;[35m[W3C (26255f9c)]&amp#27;[39m Calling AppiumDriver.reset() with args: ["26255f9c-9f7a-4f75-98c9-83c1e78aa016"]
[debug] &amp#27;[35m[XCUITest]&amp#27;[39m Executing command 'reset'
[debug] &amp#27;[35m[BaseDriver]&amp#27;[39m Resetting app mid-session
[debug] &amp#27;[35m[BaseDriver]&amp#27;[39m Running generic full reset
[debug] &amp#27;[35m[WD Proxy]&amp#27;[39m Matched '/session/26255f9c-9f7a-4f75-98c9-83c1e78aa016' to command name 'deleteSession'
[debug] &amp#27;[35m[WD Proxy]&amp#27;[39m Proxying [DELETE /session/26255f9c-9f7a-4f75-98c9-83c1e78aa016] to [DELETE http://127.0.0.1:8100/session/F587B2B9-B309-4FE4-ADAE-054271A17D37] with no body
[debug] &amp#27;[35m[WD Proxy]&amp#27;[39m Got response with status 200: {
[debug] &amp#27;[35m[WD Proxy]&amp#27;[39m   "value" : null,
[debug] &amp#27;[35m[WD Proxy]&amp#27;[39m   "sessionId" : "288E3B0D-09A8-426A-B315-920241CF751C"
[debug] &amp#27;[35m[WD Proxy]&amp#27;[39m }
&amp#27;[35m[DevCon Factory]&amp#27;[39m Releasing connections for 24A5DE6C-3031-4FCA-9C40-D8B2E52520E8 device on any port number
&amp#27;[35m[DevCon Factory]&amp#27;[39m Found cached connections to release: ["24A5DE6C-3031-4FCA-9C40-D8B2E52520E8:8100"]
[debug] &amp#27;[35m[DevCon Factory]&amp#27;[39m Cached connections count: 0
[debug] &amp#27;[35m[XCUITest]&amp#27;[39m Did not find the temporary XCTest logs root at '/var/folders/b3/y32ql80n7w1cgryz_wrszd900000gn/T/com.apple.dt.XCTest*/'
&amp#27;[35m[XCUITest]&amp#27;[39m Cleaning test logs in '/Users/imranmoqbel/Library/Developer/Xcode/DerivedData/WebDriverAgent-ciegwgvxzxdrqthilmrmczmqvrgu/Logs' folder
[debug] &amp#27;[35m[iOS]&amp#27;[39m Clearing log files
[debug] &amp#27;[35m[iOS]&amp#27;[39m Deleting '/Users/imranmoqbel/Library/Developer/Xcode/DerivedData/WebDriverAgent-ciegwgvxzxdrqthilmrmczmqvrgu/Logs'. Freeing 16K.
[debug] &amp#27;[35m[iOS]&amp#27;[39m Finished clearing log files
[debug] &amp#27;[35m[IOSSimulatorLog]&amp#27;[39m Stopping iOS log capture
[debug] &amp#27;[35m[BaseDriver]&amp#27;[39m Restarting app
[debug] &amp#27;[35m[BaseDriver]&amp#27;[39m Creating session with W3C capabilities: {
[debug] &amp#27;[35m[BaseDriver]&amp#27;[39m   "alwaysMatch": {
[debug] &amp#27;[35m[BaseDriver]&amp#27;[39m     "platformName": "ios",
[debug] &amp#27;[35m[BaseDriver]&amp#27;[39m     "app": "/Users/imranmoqbel/Documents/WaseetiOSAutomation/WaseetiOSAutomation-Intellij/src/WaseetApr20.app",
[debug] &amp#27;[35m[BaseDriver]&amp#27;[39m     "automationName": "XCUITest",
[debug] &amp#27;[35m[BaseDriver]&amp#27;[39m     "clearSystemFiles": true,
[debug] &amp#27;[35m[BaseDriver]&amp#27;[39m     "deviceName": "iPhone8",
[debug] &amp#27;[35m[BaseDriver]&amp#27;[39m     "newCommandTimeout": 100000,
[debug] &amp#27;[35m[BaseDriver]&amp#27;[39m     "platformVersion": "13.2"
[debug] &amp#27;[35m[BaseDriver]&amp#27;[39m   },
[debug] &amp#27;[35m[BaseDriver]&amp#27;[39m   "firstMatch": [
[debug] &amp#27;[35m[BaseDriver]&amp#27;[39m     {}
[debug] &amp#27;[35m[BaseDriver]&amp#27;[39m   ]
[debug] &amp#27;[35m[BaseDriver]&amp#27;[39m }
&amp#27;[35m[BaseDriver]&amp#27;[39m The following capabilities are not standard capabilities and should have an extension prefix:
&amp#27;[35m[BaseDriver]&amp#27;[39m   app
&amp#27;[35m[BaseDriver]&amp#27;[39m   automationName
&amp#27;[35m[BaseDriver]&amp#27;[39m   clearSystemFiles
&amp#27;[35m[BaseDriver]&amp#27;[39m   deviceName
&amp#27;[35m[BaseDriver]&amp#27;[39m   newCommandTimeout
&amp#27;[35m[BaseDriver]&amp#27;[39m   platformVersion
&amp#27;[35m[BaseDriver]&amp#27;[39m Session created with session id: e75ab179-3fd1-4dae-867a-8aa34c52e059
[debug] &amp#27;[35m[XCUITest]&amp#27;[39m Current user: 'imranmoqbel'
&amp#27;[35m[XCUITest]&amp#27;[39m iOS SDK Version set to '13.2'
&amp#27;[35m[iOSSim]&amp#27;[39m Constructing iOS simulator for Xcode version 11.2.1 with udid '24A5DE6C-3031-4FCA-9C40-D8B2E52520E8'
&amp#27;[35m[XCUITest]&amp#27;[39m Determining device to run tests on: udid: '24A5DE6C-3031-4FCA-9C40-D8B2E52520E8', real device: false
[debug] &amp#27;[35m[BaseDriver]&amp#27;[39m Event 'xcodeDetailsRetrieved' logged at 1587387495459 (15:58:15 GMT+0300 (Eastern European Summer Time))
&amp#27;[35m[BaseDriver]&amp#27;[39m Using local app '/Users/imranmoqbel/Documents/WaseetiOSAutomation/WaseetiOSAutomation-Intellij/src/WaseetApr20.app'
[debug] &amp#27;[35m[BaseDriver]&amp#27;[39m Event 'appConfigured' logged at 1587387495460 (15:58:15 GMT+0300 (Eastern European Summer Time))
[debug] &amp#27;[35m[XCUITest]&amp#27;[39m Checking whether app '/Users/imranmoqbel/Documents/WaseetiOSAutomation/WaseetiOSAutomation-Intellij/src/WaseetApr20.app' is actually present on file system
[debug] &amp#27;[35m[XCUITest]&amp#27;[39m App is present
[debug] &amp#27;[35m[iOS]&amp#27;[39m Getting bundle ID from app '/Users/imranmoqbel/Documents/WaseetiOSAutomation/WaseetiOSAutomation-Intellij/src/WaseetApr20.app': 'com.awi.waseet-classifieds-ios'
[debug] &amp#27;[35m[BaseDriver]&amp#27;[39m Event 'resetStarted' logged at 1587387495460 (15:58:15 GMT+0300 (Eastern European Summer Time))
&amp#27;[35m[XCUITest]&amp#27;[39m Not scrubbing third party app in anticipation of uninstall
[debug] &amp#27;[35m[BaseDriver]&amp#27;[39m Event 'resetComplete' logged at 1587387495819 (15:58:15 GMT+0300 (Eastern European Summer Time))
[debug] &amp#27;[35m[IOSSimulatorLog]&amp#27;[39m Starting log capture for iOS Simulator with udid '24A5DE6C-3031-4FCA-9C40-D8B2E52520E8' using simctl
[debug] &amp#27;[35m[BaseDriver]&amp#27;[39m Event 'logCaptureStarted' logged at 1587387496240 (15:58:16 GMT+0300 (Eastern European Summer Time))
&amp#27;[35m[XCUITest]&amp#27;[39m Setting up simulator
[debug] &amp#27;[35m[iOS]&amp#27;[39m No reason to set locale
[debug] &amp#27;[35m[iOS]&amp#27;[39m No iOS / app preferences to set
[debug] &amp#27;[35m[iOS]&amp#27;[39m Setting did not need to be updated
[debug] &amp#27;[35m[iOSSim]&amp#27;[39m Setting preferences of 24A5DE6C-3031-4FCA-9C40-D8B2E52520E8 Simulator to {"ConnectHardwareKeyboard":false}
[debug] &amp#27;[35m[iOSSim]&amp#27;[39m Setting common Simulator preferences to {"RotateWindowWhenSignaledByGuest":true,"ConnectHardwareKeyboard":false}
[debug] &amp#27;[35m[iOSSim]&amp#27;[39m Updated 24A5DE6C-3031-4FCA-9C40-D8B2E52520E8 Simulator preferences at '/Users/imranmoqbel/Library/Preferences/com.apple.iphonesimulator.plist' with {"DevicePreferences":{"24A5DE6C-3031-4FCA-9C40-D8B2E52520E8":{"ConnectHardwareKeyboard":false}},"RotateWindowWhenSignaledByGuest":true,"ConnectHardwareKeyboard":false}
[debug] &amp#27;[35m[iOSSim]&amp#27;[39m Got Simulator UI client PID: 5138
&amp#27;[35m[iOSSim]&amp#27;[39m Both Simulator with UDID '24A5DE6C-3031-4FCA-9C40-D8B2E52520E8' and the UI client are currently running
[debug] &amp#27;[35m[BaseDriver]&amp#27;[39m Event 'simStarted' logged at 1587387496456 (15:58:16 GMT+0300 (Eastern European Summer Time))
[debug] &amp#27;[35m[XCUITest]&amp#27;[39m Verifying application platform
[debug] &amp#27;[35m[XCUITest]&amp#27;[39m CFBundleSupportedPlatforms: ["iPhoneSimulator"]
[debug] &amp#27;[35m[XCUITest]&amp#27;[39m Reset requested. Removing app with id 'com.awi.waseet-classifieds-ios' from the device
[debug] &amp#27;[35m[XCUITest]&amp#27;[39m Installing '/Users/imranmoqbel/Documents/WaseetiOSAutomation/WaseetiOSAutomation-Intellij/src/WaseetApr20.app' on Simulator with UUID '24A5DE6C-3031-4FCA-9C40-D8B2E52520E8'...
[debug] &amp#27;[35m[XCUITest]&amp#27;[39m The app has been installed successfully.
[debug] &amp#27;[35m[BaseDriver]&amp#27;[39m Event 'appInstalled' logged at 1587387499741 (15:58:19 GMT+0300 (Eastern European Summer Time))
&amp#27;[35m[WebDriverAgent]&amp#27;[39m Using WDA path: '/usr/local/lib/node_modules/appium/node_modules/appium-webdriveragent'
&amp#27;[35m[WebDriverAgent]&amp#27;[39m Using WDA agent: '/usr/local/lib/node_modules/appium/node_modules/appium-webdriveragent/WebDriverAgent.xcodeproj'
[debug] &amp#27;[35m[WebDriverAgent]&amp#27;[39m No obsolete cached processes from previous WDA sessions listening on port 8100 have been found
&amp#27;[35m[DevCon Factory]&amp#27;[39m Requesting connection for device 24A5DE6C-3031-4FCA-9C40-D8B2E52520E8 on local port 8100, device port 8100
[debug] &amp#27;[35m[DevCon Factory]&amp#27;[39m Cached connections count: 0
&amp#27;[35m[DevCon Factory]&amp#27;[39m Successfully requested the connection for 24A5DE6C-3031-4FCA-9C40-D8B2E52520E8:8100
[debug] &amp#27;[35m[XCUITest]&amp#27;[39m Starting WebDriverAgent initialization with the synchronization key 'XCUITestDriver'
[debug] &amp#27;[35m[WD Proxy]&amp#27;[39m Matched '/status' to command name 'getStatus'
[debug] &amp#27;[35m[WD Proxy]&amp#27;[39m Proxying [GET /status] to [GET http://127.0.0.1:8100/status] with no body
[debug] &amp#27;[35m[WD Proxy]&amp#27;[39m Got response with status 200: {
[debug] &amp#27;[35m[WD Proxy]&amp#27;[39m   "value" : {
[debug] &amp#27;[35m[WD Proxy]&amp#27;[39m     "message" : "WebDriverAgent is ready to accept commands",
[debug] &amp#27;[35m[WD Proxy]&amp#27;[39m     "state" : "success",
[debug] &amp#27;[35m[WD Proxy]&amp#27;[39m     "os" : {
[debug] &amp#27;[35m[WD Proxy]&amp#27;[39m       "name" : "iOS",
[debug] &amp#27;[35m[WD Proxy]&amp#27;[39m       "version" : "13.2.2",
[debug] &amp#27;[35m[WD Proxy]&amp#27;[39m       "sdkVersion" : "13.0"
[debug] &amp#27;[35m[WD Proxy]&amp#27;[39m     },
[debug] &amp#27;[35m[WD Proxy]&amp#27;[39m     "ios" : {
[debug] &amp#27;[35m[WD Proxy]&amp#27;[39m       "simulatorVersion" : "13.2.2",
[debug] &amp#27;[35m[WD Proxy]&amp#27;[39m       "ip" : "192.168.1.100"
[debug] &amp#27;[35m[WD Proxy]&amp#27;[39m     },
[debug] &amp#27;[35m[WD Proxy]&amp#27;[39m     "ready" : true,
[debug] &amp#27;[35m[WD Proxy]&amp#27;[39m     "build" : {
[debug] &amp#27;[35m[WD Proxy]&amp#27;[39m       "upgradedAt" : "1587378628125",
[debug] &amp#27;[35m[WD Proxy]&amp#27;[39m       "time" : "Apr 20 2020 15:06:06",
[debug] &amp#27;[35m[WD Proxy]&amp#27;[39m       "productBundleIdentifier" : "com.facebook.WebDriverAgentRunner"
[debug] &amp#27;[35m[WD Proxy]&amp#27;[39m     }
[debug] &amp#27;[35m[WD Proxy]&amp#27;[39m   },
[debug] &amp#27;[35m[WD Proxy]&amp#27;[39m   "sessionId" : "288E3B0D-09A8-426A-B315-920241CF751C"
[debug] &amp#27;[35m[WD Proxy]&amp#27;[39m }
[debug] &amp#27;[35m[WebDriverAgent]&amp#27;[39m Upgrade timestamp of the currently bundled WDA: 1587378628125
[debug] &amp#27;[35m[WebDriverAgent]&amp#27;[39m Upgrade timestamp of the WDA on the device: 1587378628125
&amp#27;[35m[WebDriverAgent]&amp#27;[39m Will reuse previously cached WDA instance at 'http://127.0.0.1:8100/' with 'com.facebook.WebDriverAgentRunner'. Set the wdaLocalPort capability to a value different from 8100 if this is an undesired behavior.
[debug] &amp#27;[35m[XCUITest]&amp#27;[39m Trying to start WebDriverAgent 2 times with 10000ms interval
[debug] &amp#27;[35m[XCUITest]&amp#27;[39m These values can be customized by changing wdaStartupRetries/wdaStartupRetryInterval capabilities
[debug] &amp#27;[35m[BaseDriver]&amp#27;[39m Event 'wdaStartAttempted' logged at 1587387499808 (15:58:19 GMT+0300 (Eastern European Summer Time))
&amp#27;[35m[WebDriverAgent]&amp#27;[39m Using provided WebdriverAgent at 'http://127.0.0.1:8100/'
[debug] &amp#27;[35m[WD Proxy]&amp#27;[39m Matched '/status' to command name 'getStatus'
[debug] &amp#27;[35m[WD Proxy]&amp#27;[39m Proxying [GET /status] to [GET http://127.0.0.1:8100/status] with no body
[debug] &amp#27;[35m[WD Proxy]&amp#27;[39m Got response with status 200: {
[debug] &amp#27;[35m[WD Proxy]&amp#27;[39m   "value" : {
[debug] &amp#27;[35m[WD Proxy]&amp#27;[39m     "message" : "WebDriverAgent is ready to accept commands",
[debug] &amp#27;[35m[WD Proxy]&amp#27;[39m     "state" : "success",
[debug] &amp#27;[35m[WD Proxy]&amp#27;[39m     "os" : {
[debug] &amp#27;[35m[WD Proxy]&amp#27;[39m       "name" : "iOS",
[debug] &amp#27;[35m[WD Proxy]&amp#27;[39m       "version" : "13.2.2",
[debug] &amp#27;[35m[WD Proxy]&amp#27;[39m       "sdkVersion" : "13.0"
[debug] &amp#27;[35m[WD Proxy]&amp#27;[39m     },
[debug] &amp#27;[35m[WD Proxy]&amp#27;[39m     "ios" : {
[debug] &amp#27;[35m[WD Proxy]&amp#27;[39m       "simulatorVersion" : "13.2.2",
[debug] &amp#27;[35m[WD Proxy]&amp#27;[39m       "ip" : "192.168.1.100"
[debug] &amp#27;[35m[WD Proxy]&amp#27;[39m     },
[debug] &amp#27;[35m[WD Proxy]&amp#27;[39m     "ready" : true,
[debug] &amp#27;[35m[WD Proxy]&amp#27;[39m     "build" : {
[debug] &amp#27;[35m[WD Proxy]&amp#27;[39m       "upgradedAt" : "1587378628125",
[debug] &amp#27;[35m[WD Proxy]&amp#27;[39m       "time" : "Apr 20 2020 15:06:06",
[debug] &amp#27;[35m[WD Proxy]&amp#27;[39m       "productBundleIdentifier" : "com.facebook.WebDriverAgentRunner"
[debug] &amp#27;[35m[WD Proxy]&amp#27;[39m     }
[debug] &amp#27;[35m[WD Proxy]&amp#27;[39m   },
[debug] &amp#27;[35m[WD Proxy]&amp#27;[39m   "sessionId" : "288E3B0D-09A8-426A-B315-920241CF751C"
[debug] &amp#27;[35m[WD Proxy]&amp#27;[39m }
[debug] &amp#27;[35m[BaseDriver]&amp#27;[39m Event 'wdaSessionAttempted' logged at 1587387499814 (15:58:19 GMT+0300 (Eastern European Summer Time))
[debug] &amp#27;[35m[XCUITest]&amp#27;[39m Sending createSession command to WDA
[debug] &amp#27;[35m[WD Proxy]&amp#27;[39m Matched '/session' to command name 'createSession'
[debug] &amp#27;[35m[WD Proxy]&amp#27;[39m Proxying [POST /session] to [POST http://127.0.0.1:8100/session] with body: {"capabilities":{"firstMatch":[{"bundleId":"com.awi.waseet-classifieds-ios","arguments":[],"environment":{},"eventloopIdleDelaySec":0,"shouldWaitForQuiescence":true,"shouldUseTestManagerForVisibilityDetection":false,"maxTypingFrequency":60,"shouldUseSingletonTestManager":true}],"alwaysMatch":{}}}
[debug] &amp#27;[35m[WD Proxy]&amp#27;[39m Got response with status 200: {"value":{"sessionId":"087ADEB0-9E30-4168-9B13-4C3DA9303481","capabilities":{"device":"iphone","browserName":" ","sdkVersion":"13.2.2","CFBundleIdentifier":"com.apple.springboard"}},"sessionId":"087ADEB0-9E30-4168-9B13-4C3DA9303481"}
&amp#27;[35m[WD Proxy]&amp#27;[39m Determined the downstream protocol as 'W3C'
[debug] &amp#27;[35m[BaseDriver]&amp#27;[39m Event 'wdaSessionStarted' logged at 1587387507855 (15:58:27 GMT+0300 (Eastern European Summer Time))
[debug] &amp#27;[35m[WebDriverAgent]&amp#27;[39m Parsed BUILD_DIR configuration value: '/Users/imranmoqbel/Library/Developer/Xcode/DerivedData/WebDriverAgent-ciegwgvxzxdrqthilmrmczmqvrgu/Build/Products'
[debug] &amp#27;[35m[WebDriverAgent]&amp#27;[39m Got derived data root: '/Users/imranmoqbel/Library/Developer/Xcode/DerivedData/WebDriverAgent-ciegwgvxzxdrqthilmrmczmqvrgu'
[debug] &amp#27;[35m[BaseDriver]&amp#27;[39m Event 'wdaStarted' logged at 1587387509205 (15:58:29 GMT+0300 (Eastern European Summer Time))
&amp#27;[35m[XCUITest]&amp#27;[39m Skipping setting of the initial display orientation. Set the "orientation" capability to either "LANDSCAPE" or "PORTRAIT", if this is an undesired behavior.
[debug] &amp#27;[35m[BaseDriver]&amp#27;[39m Event 'orientationSet' logged at 1587387509205 (15:58:29 GMT+0300 (Eastern European Summer Time))
[debug] &amp#27;[35m[BaseDriver]&amp#27;[39m The value of 'elementResponseAttributes' setting did not change. Skipping the update for it
[debug] &amp#27;[35m[BaseDriver]&amp#27;[39m The value of 'shouldUseCompactResponses' setting did not change. Skipping the update for it
[debug] &amp#27;[35m[W3C (26255f9c)]&amp#27;[39m Responding to client with driver.reset() result: null
&amp#27;[35m[HTTP]&amp#27;[39m &amp#27;[37m<-- POST /wd/hub/session/26255f9c-9f7a-4f75-98c9-83c1e78aa016/appium/app/reset &amp#27;[39m&amp#27;[32m200&amp#27;[39m &amp#27;[90m15127 ms - 14&amp#27;[39m
&amp#27;[35m[HTTP]&amp#27;[39m &amp#27;[90m&amp#27;[39m
&amp#27;[35m[HTTP]&amp#27;[39m &amp#27;[37m-->&amp#27;[39m &amp#27;[37mGET&amp#27;[39m &amp#27;[37m/wd/hub/session/26255f9c-9f7a-4f75-98c9-83c1e78aa016/context&amp#27;[39m
&amp#27;[35m[HTTP]&amp#27;[39m &amp#27;[90m{}&amp#27;[39m
[debug] &amp#27;[35m[W3C (26255f9c)]&amp#27;[39m Calling AppiumDriver.getCurrentContext() with args: ["26255f9c-9f7a-4f75-98c9-83c1e78aa016"]
[debug] &amp#27;[35m[XCUITest]&amp#27;[39m Executing command 'getCurrentContext'
[debug] &amp#27;[35m[W3C (26255f9c)]&amp#27;[39m Responding to client with driver.getCurrentContext() result: "NATIVE_APP"
&amp#27;[35m[HTTP]&amp#27;[39m &amp#27;[37m<-- GET /wd/hub/session/26255f9c-9f7a-4f75-98c9-83c1e78aa016/context &amp#27;[39m&amp#27;[32m200&amp#27;[39m &amp#27;[90m1 ms - 22&amp#27;[39m
&amp#27;[35m[HTTP]&amp#27;[39m &amp#27;[90m&amp#27;[39m
&amp#27;[35m[HTTP]&amp#27;[39m &amp#27;[37m-->&amp#27;[39m &amp#27;[37mPOST&amp#27;[39m &amp#27;[37m/wd/hub/session/26255f9c-9f7a-4f75-98c9-83c1e78aa016/element&amp#27;[39m
&amp#27;[35m[HTTP]&amp#27;[39m &amp#27;[90m{"using":"accessibility id","value":"Allow"}&amp#27;[39m
[debug] &amp#27;[35m[W3C (26255f9c)]&amp#27;[39m Calling AppiumDriver.findElement() with args: ["accessibility id","Allow","26255f9c-9f7a-4f75-98c9-83c1e78aa016"]
[debug] &amp#27;[35m[XCUITest]&amp#27;[39m Executing command 'findElement'
[debug] &amp#27;[35m[BaseDriver]&amp#27;[39m Valid locator strategies for this request: xpath, id, name, class name, -ios predicate string, -ios class chain, accessibility id
[debug] &amp#27;[35m[BaseDriver]&amp#27;[39m Waiting up to 20000 ms for condition
[debug] &amp#27;[35m[WD Proxy]&amp#27;[39m Matched '/element' to command name 'findElement'
[debug] &amp#27;[35m[WD Proxy]&amp#27;[39m Proxying [POST /element] to [POST http://127.0.0.1:8100/session/087ADEB0-9E30-4168-9B13-4C3DA9303481/element] with body: {"using":"accessibility id","value":"Allow"}
[debug] &amp#27;[35m[WD Proxy]&amp#27;[39m Got response with status 200: {"value":{"ELEMENT":"86000000-0000-0000-6114-000000000000","element-6066-11e4-a52e-4f735466cecf":"86000000-0000-0000-6114-000000000000"},"sessionId":"087ADEB0-9E30-4168-9B13-4C3DA9303481"}
[debug] &amp#27;[35m[W3C (26255f9c)]&amp#27;[39m Responding to client with driver.findElement() result: {"element-6066-11e4-a52e-4f735466cecf":"86000000-0000-0000-6114-000000000000","ELEMENT":"86000000-0000-0000-6114-000000000000"}
&amp#27;[35m[HTTP]&amp#27;[39m &amp#27;[37m<-- POST /wd/hub/session/26255f9c-9f7a-4f75-98c9-83c1e78aa016/element &amp#27;[39m&amp#27;[32m200&amp#27;[39m &amp#27;[90m132 ms - 137&amp#27;[39m
&amp#27;[35m[HTTP]&amp#27;[39m &amp#27;[90m&amp#27;[39m
&amp#27;[35m[HTTP]&amp#27;[39m &amp#27;[37m-->&amp#27;[39m &amp#27;[37mPOST&amp#27;[39m &amp#27;[37m/wd/hub/session/26255f9c-9f7a-4f75-98c9-83c1e78aa016/element/86000000-0000-0000-6114-000000000000/click&amp#27;[39m
&amp#27;[35m[HTTP]&amp#27;[39m &amp#27;[90m{"id":"86000000-0000-0000-6114-000000000000"}&amp#27;[39m
&amp#27;[35m[W3C (26255f9c)]&amp#27;[39m Driver proxy active, passing request on via HTTP proxy
[debug] &amp#27;[35m[XCUITest]&amp#27;[39m Executing command 'proxyReqRes'
[debug] &amp#27;[35m[WD Proxy]&amp#27;[39m Matched '/wd/hub/session/26255f9c-9f7a-4f75-98c9-83c1e78aa016/element/86000000-0000-0000-6114-000000000000/click' to command name 'click'
[debug] &amp#27;[35m[WD Proxy]&amp#27;[39m Proxying [POST /wd/hub/session/26255f9c-9f7a-4f75-98c9-83c1e78aa016/element/86000000-0000-0000-6114-000000000000/click] to [POST http://127.0.0.1:8100/session/087ADEB0-9E30-4168-9B13-4C3DA9303481/element/86000000-0000-0000-6114-000000000000/click] with body: {"id":"86000000-0000-0000-6114-000000000000"}
[debug] &amp#27;[35m[WD Proxy]&amp#27;[39m Got response with status 200: {"value":null,"sessionId":"087ADEB0-9E30-4168-9B13-4C3DA9303481"}
&amp#27;[35m[WD Proxy]&amp#27;[39m Replacing sessionId 087ADEB0-9E30-4168-9B13-4C3DA9303481 with 26255f9c-9f7a-4f75-98c9-83c1e78aa016
&amp#27;[35m[HTTP]&amp#27;[39m &amp#27;[37m<-- POST /wd/hub/session/26255f9c-9f7a-4f75-98c9-83c1e78aa016/element/86000000-0000-0000-6114-000000000000/click &amp#27;[39m&amp#27;[32m200&amp#27;[39m &amp#27;[90m340 ms - 65&amp#27;[39m
&amp#27;[35m[HTTP]&amp#27;[39m &amp#27;[90m&amp#27;[39m
&amp#27;[35m[HTTP]&amp#27;[39m &amp#27;[37m-->&amp#27;[39m &amp#27;[37mGET&amp#27;[39m &amp#27;[37m/wd/hub/session/26255f9c-9f7a-4f75-98c9-83c1e78aa016/context&amp#27;[39m
&amp#27;[35m[HTTP]&amp#27;[39m &amp#27;[90m{}&amp#27;[39m
[debug] &amp#27;[35m[W3C (26255f9c)]&amp#27;[39m Calling AppiumDriver.getCurrentContext() with args: ["26255f9c-9f7a-4f75-98c9-83c1e78aa016"]
[debug] &amp#27;[35m[XCUITest]&amp#27;[39m Executing command 'getCurrentContext'
[debug] &amp#27;[35m[W3C (26255f9c)]&amp#27;[39m Responding to client with driver.getCurrentContext() result: "NATIVE_APP"
&amp#27;[35m[HTTP]&amp#27;[39m &amp#27;[37m<-- GET /wd/hub/session/26255f9c-9f7a-4f75-98c9-83c1e78aa016/context &amp#27;[39m&amp#27;[32m200&amp#27;[39m &amp#27;[90m2 ms - 22&amp#27;[39m
&amp#27;[35m[HTTP]&amp#27;[39m &amp#27;[90m&amp#27;[39m
&amp#27;[35m[HTTP]&amp#27;[39m &amp#27;[37m-->&amp#27;[39m &amp#27;[37mPOST&amp#27;[39m &amp#27;[37m/wd/hub/session/26255f9c-9f7a-4f75-98c9-83c1e78aa016/element&amp#27;[39m
&amp#27;[35m[HTTP]&amp#27;[39m &amp#27;[90m{"using":"accessibility id","value":"�������� ����������"}&amp#27;[39m
[debug] &amp#27;[35m[W3C (26255f9c)]&amp#27;[39m Calling AppiumDriver.findElement() with args: ["accessibility id","�������� ����������","26255f9c-9f7a-4f75-98c9-83c1e78aa016"]
[debug] &amp#27;[35m[XCUITest]&amp#27;[39m Executing command 'findElement'
[debug] &amp#27;[35m[BaseDriver]&amp#27;[39m Valid locator strategies for this request: xpath, id, name, class name, -ios predicate string, -ios class chain, accessibility id
[debug] &amp#27;[35m[BaseDriver]&amp#27;[39m Waiting up to 20000 ms for condition
[debug] &amp#27;[35m[WD Proxy]&amp#27;[39m Matched '/element' to command name 'findElement'
[debug] &amp#27;[35m[WD Proxy]&amp#27;[39m Proxying [POST /element] to [POST http://127.0.0.1:8100/session/087ADEB0-9E30-4168-9B13-4C3DA9303481/element] with body: {"using":"accessibility id","value":"�������� ����������"}
&amp#27;[35m[WD Proxy]&amp#27;[39m Got response with status 404: {"value":{"error":"no such element","message":"unable to find an element using 'accessibility id', value '�������� ����������'","traceback":"(\n\t0   WebDriverAgentLib                   0x0000000108e5a04d FBNoSuchElementErrorResponseForRequest + 301\n\t1   WebDriverAgentLib                   0x0000000108e59df9 +[FBFindElementCommands handleFindElement:] + 425\n\t2   WebDriverAgentLib                   0x0000000108e377d6 -[FBRoute_TargetAction mountRequest:intoResponse:] + 182\n\t3   WebDriverAgentLib                   0x0000000108e1f5cb __37-[FBWebServer registerRouteHandlers:]_block_invoke + 555\n\t4   RoutingHTTPServer                   0x0000000108f29c53 -[RoutingHTTPServer handleRoute:withRequest:response:] + 136\n\t5   RoutingHTTPServer                   0x0000000108f2a566 __72-[RoutingHTTPServer routeMethod:withPath:parameters:request:connection:]_block_invoke + 47\n\t6   libdispatch.dylib                   0x00007fff519de7b9 _dispatch_client_callout + 8\n\t7   libdispatch.dylib                   0x00007fff51...
[debug] &amp#27;[35m[W3C]&amp#27;[39m Matched W3C error code 'no such element' to NoSuchElementError
[debug] &amp#27;[35m[BaseDriver]&amp#27;[39m Waited for 78 ms so far
[debug] &amp#27;[35m[WD Proxy]&amp#27;[39m Matched '/element' to command name 'findElement'
[debug] &amp#27;[35m[WD Proxy]&amp#27;[39m Proxying [POST /element] to [POST http://127.0.0.1:8100/session/087ADEB0-9E30-4168-9B13-4C3DA9303481/element] with body: {"using":"accessibility id","value":"�������� ����������"}
[debug] &amp#27;[35m[WD Proxy]&amp#27;[39m Got response with status 200: {"value":{"ELEMENT":"1C000000-0000-0000-E914-000000000000","element-6066-11e4-a52e-4f735466cecf":"1C000000-0000-0000-E914-000000000000"},"sessionId":"087ADEB0-9E30-4168-9B13-4C3DA9303481"}
[debug] &amp#27;[35m[W3C (26255f9c)]&amp#27;[39m Responding to client with driver.findElement() result: {"element-6066-11e4-a52e-4f735466cecf":"1C000000-0000-0000-E914-000000000000","ELEMENT":"1C000000-0000-0000-E914-000000000000"}
&amp#27;[35m[HTTP]&amp#27;[39m &amp#27;[37m<-- POST /wd/hub/session/26255f9c-9f7a-4f75-98c9-83c1e78aa016/element &amp#27;[39m&amp#27;[32m200&amp#27;[39m &amp#27;[90m681 ms - 137&amp#27;[39m
&amp#27;[35m[HTTP]&amp#27;[39m &amp#27;[90m&amp#27;[39m
&amp#27;[35m[HTTP]&amp#27;[39m &amp#27;[37m-->&amp#27;[39m &amp#27;[37mPOST&amp#27;[39m &amp#27;[37m/wd/hub/session/26255f9c-9f7a-4f75-98c9-83c1e78aa016/element/1C000000-0000-0000-E914-000000000000/click&amp#27;[39m
&amp#27;[35m[HTTP]&amp#27;[39m &amp#27;[90m{"id":"1C000000-0000-0000-E914-000000000000"}&amp#27;[39m
&amp#27;[35m[W3C (26255f9c)]&amp#27;[39m Driver proxy active, passing request on via HTTP proxy
[debug] &amp#27;[35m[XCUITest]&amp#27;[39m Executing command 'proxyReqRes'
[debug] &amp#27;[35m[WD Proxy]&amp#27;[39m Matched '/wd/hub/session/26255f9c-9f7a-4f75-98c9-83c1e78aa016/element/1C000000-0000-0000-E914-000000000000/click' to command name 'click'
[debug] &amp#27;[35m[WD Proxy]&amp#27;[39m Proxying [POST /wd/hub/session/26255f9c-9f7a-4f75-98c9-83c1e78aa016/element/1C000000-0000-0000-E914-000000000000/click] to [POST http://127.0.0.1:8100/session/087ADEB0-9E30-4168-9B13-4C3DA9303481/element/1C000000-0000-0000-E914-000000000000/click] with body: {"id":"1C000000-0000-0000-E914-000000000000"}
[debug] &amp#27;[35m[WD Proxy]&amp#27;[39m Got response with status 200: {"value":null,"sessionId":"087ADEB0-9E30-4168-9B13-4C3DA9303481"}
&amp#27;[35m[WD Proxy]&amp#27;[39m Replacing sessionId 087ADEB0-9E30-4168-9B13-4C3DA9303481 with 26255f9c-9f7a-4f75-98c9-83c1e78aa016
&amp#27;[35m[HTTP]&amp#27;[39m &amp#27;[37m<-- POST /wd/hub/session/26255f9c-9f7a-4f75-98c9-83c1e78aa016/element/1C000000-0000-0000-E914-000000000000/click &amp#27;[39m&amp#27;[32m200&amp#27;[39m &amp#27;[90m267 ms - 65&amp#27;[39m
&amp#27;[35m[HTTP]&amp#27;[39m &amp#27;[90m&amp#27;[39m
&amp#27;[35m[HTTP]&amp#27;[39m &amp#27;[37m-->&amp#27;[39m &amp#27;[37mGET&amp#27;[39m &amp#27;[37m/wd/hub/session/26255f9c-9f7a-4f75-98c9-83c1e78aa016/context&amp#27;[39m
&amp#27;[35m[HTTP]&amp#27;[39m &amp#27;[90m{}&amp#27;[39m
[debug] &amp#27;[35m[W3C (26255f9c)]&amp#27;[39m Calling AppiumDriver.getCurrentContext() with args: ["26255f9c-9f7a-4f75-98c9-83c1e78aa016"]
[debug] &amp#27;[35m[XCUITest]&amp#27;[39m Executing command 'getCurrentContext'
[debug] &amp#27;[35m[W3C (26255f9c)]&amp#27;[39m Responding to client with driver.getCurrentContext() result: "NATIVE_APP"
&amp#27;[35m[HTTP]&amp#27;[39m &amp#27;[37m<-- GET /wd/hub/session/26255f9c-9f7a-4f75-98c9-83c1e78aa016/context &amp#27;[39m&amp#27;[32m200&amp#27;[39m &amp#27;[90m1 ms - 22&amp#27;[39m
&amp#27;[35m[HTTP]&amp#27;[39m &amp#27;[90m&amp#27;[39m
&amp#27;[35m[HTTP]&amp#27;[39m &amp#27;[37m-->&amp#27;[39m &amp#27;[37mPOST&amp#27;[39m &amp#27;[37m/wd/hub/session/26255f9c-9f7a-4f75-98c9-83c1e78aa016/element&amp#27;[39m
&amp#27;[35m[HTTP]&amp#27;[39m &amp#27;[90m{"using":"accessibility id","value":"������������"}&amp#27;[39m
[debug] &amp#27;[35m[W3C (26255f9c)]&amp#27;[39m Calling AppiumDriver.findElement() with args: ["accessibility id","������������","26255f9c-9f7a-4f75-98c9-83c1e78aa016"]
[debug] &amp#27;[35m[XCUITest]&amp#27;[39m Executing command 'findElement'
[debug] &amp#27;[35m[BaseDriver]&amp#27;[39m Valid locator strategies for this request: xpath, id, name, class name, -ios predicate string, -ios class chain, accessibility id
[debug] &amp#27;[35m[BaseDriver]&amp#27;[39m Waiting up to 20000 ms for condition
[debug] &amp#27;[35m[WD Proxy]&amp#27;[39m Matched '/element' to command name 'findElement'
[debug] &amp#27;[35m[WD Proxy]&amp#27;[39m Proxying [POST /element] to [POST http://127.0.0.1:8100/session/087ADEB0-9E30-4168-9B13-4C3DA9303481/element] with body: {"using":"accessibility id","value":"������������"}
&amp#27;[35m[WD Proxy]&amp#27;[39m Got response with status 404: {"value":{"error":"no such element","message":"unable to find an element using 'accessibility id', value '������������'","traceback":"(\n\t0   WebDriverAgentLib                   0x0000000108e5a04d FBNoSuchElementErrorResponseForRequest + 301\n\t1   WebDriverAgentLib                   0x0000000108e59df9 +[FBFindElementCommands handleFindElement:] + 425\n\t2   WebDriverAgentLib                   0x0000000108e377d6 -[FBRoute_TargetAction mountRequest:intoResponse:] + 182\n\t3   WebDriverAgentLib                   0x0000000108e1f5cb __37-[FBWebServer registerRouteHandlers:]_block_invoke + 555\n\t4   RoutingHTTPServer                   0x0000000108f29c53 -[RoutingHTTPServer handleRoute:withRequest:response:] + 136\n\t5   RoutingHTTPServer                   0x0000000108f2a566 __72-[RoutingHTTPServer routeMethod:withPath:parameters:request:connection:]_block_invoke + 47\n\t6   libdispatch.dylib                   0x00007fff519de7b9 _dispatch_client_callout + 8\n\t7   libdispatch.dylib                   0x00007fff519eb8...
[debug] &amp#27;[35m[W3C]&amp#27;[39m Matched W3C error code 'no such element' to NoSuchElementError
[debug] &amp#27;[35m[BaseDriver]&amp#27;[39m Waited for 59 ms so far
[debug] &amp#27;[35m[WD Proxy]&amp#27;[39m Matched '/element' to command name 'findElement'
[debug] &amp#27;[35m[WD Proxy]&amp#27;[39m Proxying [POST /element] to [POST http://127.0.0.1:8100/session/087ADEB0-9E30-4168-9B13-4C3DA9303481/element] with body: {"using":"accessibility id","value":"������������"}
[debug] &amp#27;[35m[WD Proxy]&amp#27;[39m Got response with status 200: {"value":{"ELEMENT":"34000000-0000-0000-E914-000000000000","element-6066-11e4-a52e-4f735466cecf":"34000000-0000-0000-E914-000000000000"},"sessionId":"087ADEB0-9E30-4168-9B13-4C3DA9303481"}
[debug] &amp#27;[35m[W3C (26255f9c)]&amp#27;[39m Responding to client with driver.findElement() result: {"element-6066-11e4-a52e-4f735466cecf":"34000000-0000-0000-E914-000000000000","ELEMENT":"34000000-0000-0000-E914-000000000000"}
&amp#27;[35m[HTTP]&amp#27;[39m &amp#27;[37m<-- POST /wd/hub/session/26255f9c-9f7a-4f75-98c9-83c1e78aa016/element &amp#27;[39m&amp#27;[32m200&amp#27;[39m &amp#27;[90m4214 ms - 137&amp#27;[39m
&amp#27;[35m[HTTP]&amp#27;[39m &amp#27;[90m&amp#27;[39m
&amp#27;[35m[HTTP]&amp#27;[39m &amp#27;[37m-->&amp#27;[39m &amp#27;[37mPOST&amp#27;[39m &amp#27;[37m/wd/hub/session/26255f9c-9f7a-4f75-98c9-83c1e78aa016/element/34000000-0000-0000-E914-000000000000/click&amp#27;[39m
&amp#27;[35m[HTTP]&amp#27;[39m &amp#27;[90m{"id":"34000000-0000-0000-E914-000000000000"}&amp#27;[39m
&amp#27;[35m[W3C (26255f9c)]&amp#27;[39m Driver proxy active, passing request on via HTTP proxy
[debug] &amp#27;[35m[XCUITest]&amp#27;[39m Executing command 'proxyReqRes'
[debug] &amp#27;[35m[WD Proxy]&amp#27;[39m Matched '/wd/hub/session/26255f9c-9f7a-4f75-98c9-83c1e78aa016/element/34000000-0000-0000-E914-000000000000/click' to command name 'click'
[debug] &amp#27;[35m[WD Proxy]&amp#27;[39m Proxying [POST /wd/hub/session/26255f9c-9f7a-4f75-98c9-83c1e78aa016/element/34000000-0000-0000-E914-000000000000/click] to [POST http://127.0.0.1:8100/session/087ADEB0-9E30-4168-9B13-4C3DA9303481/element/34000000-0000-0000-E914-000000000000/click] with body: {"id":"34000000-0000-0000-E914-000000000000"}
[debug] &amp#27;[35m[WD Proxy]&amp#27;[39m Got response with status 200: {"value":null,"sessionId":"087ADEB0-9E30-4168-9B13-4C3DA9303481"}
&amp#27;[35m[WD Proxy]&amp#27;[39m Replacing sessionId 087ADEB0-9E30-4168-9B13-4C3DA9303481 with 26255f9c-9f7a-4f75-98c9-83c1e78aa016
&amp#27;[35m[HTTP]&amp#27;[39m &amp#27;[37m<-- POST /wd/hub/session/26255f9c-9f7a-4f75-98c9-83c1e78aa016/element/34000000-0000-0000-E914-000000000000/click &amp#27;[39m&amp#27;[32m200&amp#27;[39m &amp#27;[90m352 ms - 65&amp#27;[39m
&amp#27;[35m[HTTP]&amp#27;[39m &amp#27;[90m&amp#27;[39m
&amp#27;[35m[HTTP]&amp#27;[39m &amp#27;[37m-->&amp#27;[39m &amp#27;[37mGET&amp#27;[39m &amp#27;[37m/wd/hub/session/26255f9c-9f7a-4f75-98c9-83c1e78aa016/context&amp#27;[39m
&amp#27;[35m[HTTP]&amp#27;[39m &amp#27;[90m{}&amp#27;[39m
[debug] &amp#27;[35m[W3C (26255f9c)]&amp#27;[39m Calling AppiumDriver.getCurrentContext() with args: ["26255f9c-9f7a-4f75-98c9-83c1e78aa016"]
[debug] &amp#27;[35m[XCUITest]&amp#27;[39m Executing command 'getCurrentContext'
[debug] &amp#27;[35m[W3C (26255f9c)]&amp#27;[39m Responding to client with driver.getCurrentContext() result: "NATIVE_APP"
&amp#27;[35m[HTTP]&amp#27;[39m &amp#27;[37m<-- GET /wd/hub/session/26255f9c-9f7a-4f75-98c9-83c1e78aa016/context &amp#27;[39m&amp#27;[32m200&amp#27;[39m &amp#27;[90m1 ms - 22&amp#27;[39m
&amp#27;[35m[HTTP]&amp#27;[39m &amp#27;[90m&amp#27;[39m
&amp#27;[35m[HTTP]&amp#27;[39m &amp#27;[37m-->&amp#27;[39m &amp#27;[37mPOST&amp#27;[39m &amp#27;[37m/wd/hub/session/26255f9c-9f7a-4f75-98c9-83c1e78aa016/element&amp#27;[39m
&amp#27;[35m[HTTP]&amp#27;[39m &amp#27;[90m{"using":"accessibility id","value":"���������� ������������"}&amp#27;[39m
[debug] &amp#27;[35m[W3C (26255f9c)]&amp#27;[39m Calling AppiumDriver.findElement() with args: ["accessibility id","���������� ������������","26255f9c-9f7a-4f75-98c9-83c1e78aa016"]
[debug] &amp#27;[35m[XCUITest]&amp#27;[39m Executing command 'findElement'
[debug] &amp#27;[35m[BaseDriver]&amp#27;[39m Valid locator strategies for this request: xpath, id, name, class name, -ios predicate string, -ios class chain, accessibility id
[debug] &amp#27;[35m[BaseDriver]&amp#27;[39m Waiting up to 20000 ms for condition
[debug] &amp#27;[35m[WD Proxy]&amp#27;[39m Matched '/element' to command name 'findElement'
[debug] &amp#27;[35m[WD Proxy]&amp#27;[39m Proxying [POST /element] to [POST http://127.0.0.1:8100/session/087ADEB0-9E30-4168-9B13-4C3DA9303481/element] with body: {"using":"accessibility id","value":"���������� ������������"}
&amp#27;[35m[WD Proxy]&amp#27;[39m Got response with status 404: {"value":{"error":"no such element","message":"unable to find an element using 'accessibility id', value '���������� ������������'","traceback":"(\n\t0   WebDriverAgentLib                   0x0000000108e5a04d FBNoSuchElementErrorResponseForRequest + 301\n\t1   WebDriverAgentLib                   0x0000000108e59df9 +[FBFindElementCommands handleFindElement:] + 425\n\t2   WebDriverAgentLib                   0x0000000108e377d6 -[FBRoute_TargetAction mountRequest:intoResponse:] + 182\n\t3   WebDriverAgentLib                   0x0000000108e1f5cb __37-[FBWebServer registerRouteHandlers:]_block_invoke + 555\n\t4   RoutingHTTPServer                   0x0000000108f29c53 -[RoutingHTTPServer handleRoute:withRequest:response:] + 136\n\t5   RoutingHTTPServer                   0x0000000108f2a566 __72-[RoutingHTTPServer routeMethod:withPath:parameters:request:connection:]_block_invoke + 47\n\t6   libdispatch.dylib                   0x00007fff519de7b9 _dispatch_client_callout + 8\n\t7   libdispatch.dylib                   0x00007fff...
[debug] &amp#27;[35m[W3C]&amp#27;[39m Matched W3C error code 'no such element' to NoSuchElementError
[debug] &amp#27;[35m[BaseDriver]&amp#27;[39m Waited for 73 ms so far
[debug] &amp#27;[35m[WD Proxy]&amp#27;[39m Matched '/element' to command name 'findElement'
[debug] &amp#27;[35m[WD Proxy]&amp#27;[39m Proxying [POST /element] to [POST http://127.0.0.1:8100/session/087ADEB0-9E30-4168-9B13-4C3DA9303481/element] with body: {"using":"accessibility id","value":"���������� ������������"}
&amp#27;[35m[WD Proxy]&amp#27;[39m Got response with status 404: {"value":{"error":"no such element","message":"unable to find an element using 'accessibility id', value '���������� ������������'","traceback":"(\n\t0   WebDriverAgentLib                   0x0000000108e5a04d FBNoSuchElementErrorResponseForRequest + 301\n\t1   WebDriverAgentLib                   0x0000000108e59df9 +[FBFindElementCommands handleFindElement:] + 425\n\t2   WebDriverAgentLib                   0x0000000108e377d6 -[FBRoute_TargetAction mountRequest:intoResponse:] + 182\n\t3   WebDriverAgentLib                   0x0000000108e1f5cb __37-[FBWebServer registerRouteHandlers:]_block_invoke + 555\n\t4   RoutingHTTPServer                   0x0000000108f29c53 -[RoutingHTTPServer handleRoute:withRequest:response:] + 136\n\t5   RoutingHTTPServer                   0x0000000108f2a566 __72-[RoutingHTTPServer routeMethod:withPath:parameters:request:connection:]_block_invoke + 47\n\t6   libdispatch.dylib                   0x00007fff519de7b9 _dispatch_client_callout + 8\n\t7   libdispatch.dylib                   0x00007fff...
[debug] &amp#27;[35m[W3C]&amp#27;[39m Matched W3C error code 'no such element' to NoSuchElementError
[debug] &amp#27;[35m[BaseDriver]&amp#27;[39m Waited for 651 ms so far
[debug] &amp#27;[35m[WD Proxy]&amp#27;[39m Matched '/element' to command name 'findElement'
[debug] &amp#27;[35m[WD Proxy]&amp#27;[39m Proxying [POST /element] to [POST http://127.0.0.1:8100/session/087ADEB0-9E30-4168-9B13-4C3DA9303481/element] with body: {"using":"accessibility id","value":"���������� ������������"}
&amp#27;[35m[WD Proxy]&amp#27;[39m Got response with status 404: {"value":{"error":"no such element","message":"unable to find an element using 'accessibility id', value '���������� ������������'","traceback":"(\n\t0   WebDriverAgentLib                   0x0000000108e5a04d FBNoSuchElementErrorResponseForRequest + 301\n\t1   WebDriverAgentLib                   0x0000000108e59df9 +[FBFindElementCommands handleFindElement:] + 425\n\t2   WebDriverAgentLib                   0x0000000108e377d6 -[FBRoute_TargetAction mountRequest:intoResponse:] + 182\n\t3   WebDriverAgentLib                   0x0000000108e1f5cb __37-[FBWebServer registerRouteHandlers:]_block_invoke + 555\n\t4   RoutingHTTPServer                   0x0000000108f29c53 -[RoutingHTTPServer handleRoute:withRequest:response:] + 136\n\t5   RoutingHTTPServer                   0x0000000108f2a566 __72-[RoutingHTTPServer routeMethod:withPath:parameters:request:connection:]_block_invoke + 47\n\t6   libdispatch.dylib                   0x00007fff519de7b9 _dispatch_client_callout + 8\n\t7   libdispatch.dylib                   0x00007fff...
[debug] &amp#27;[35m[W3C]&amp#27;[39m Matched W3C error code 'no such element' to NoSuchElementError
[debug] &amp#27;[35m[BaseDriver]&amp#27;[39m Waited for 1223 ms so far
[debug] &amp#27;[35m[WD Proxy]&amp#27;[39m Matched '/element' to command name 'findElement'
[debug] &amp#27;[35m[WD Proxy]&amp#27;[39m Proxying [POST /element] to [POST http://127.0.0.1:8100/session/087ADEB0-9E30-4168-9B13-4C3DA9303481/element] with body: {"using":"accessibility id","value":"���������� ������������"}
&amp#27;[35m[WD Proxy]&amp#27;[39m Got response with status 404: {"value":{"error":"no such element","message":"unable to find an element using 'accessibility id', value '���������� ������������'","traceback":"(\n\t0   WebDriverAgentLib                   0x0000000108e5a04d FBNoSuchElementErrorResponseForRequest + 301\n\t1   WebDriverAgentLib                   0x0000000108e59df9 +[FBFindElementCommands handleFindElement:] + 425\n\t2   WebDriverAgentLib                   0x0000000108e377d6 -[FBRoute_TargetAction mountRequest:intoResponse:] + 182\n\t3   WebDriverAgentLib                   0x0000000108e1f5cb __37-[FBWebServer registerRouteHandlers:]_block_invoke + 555\n\t4   RoutingHTTPServer                   0x0000000108f29c53 -[RoutingHTTPServer handleRoute:withRequest:response:] + 136\n\t5   RoutingHTTPServer                   0x0000000108f2a566 __72-[RoutingHTTPServer routeMethod:withPath:parameters:request:connection:]_block_invoke + 47\n\t6   libdispatch.dylib                   0x00007fff519de7b9 _dispatch_client_callout + 8\n\t7   libdispatch.dylib                   0x00007fff...
[debug] &amp#27;[35m[W3C]&amp#27;[39m Matched W3C error code 'no such element' to NoSuchElementError
[debug] &amp#27;[35m[BaseDriver]&amp#27;[39m Waited for 1801 ms so far
[debug] &amp#27;[35m[WD Proxy]&amp#27;[39m Matched '/element' to command name 'findElement'
[debug] &amp#27;[35m[WD Proxy]&amp#27;[39m Proxying [POST /element] to [POST http://127.0.0.1:8100/session/087ADEB0-9E30-4168-9B13-4C3DA9303481/element] with body: {"using":"accessibility id","value":"���������� ������������"}
&amp#27;[35m[WD Proxy]&amp#27;[39m Got response with status 404: {"value":{"error":"no such element","message":"unable to find an element using 'accessibility id', value '���������� ������������'","traceback":"(\n\t0   WebDriverAgentLib                   0x0000000108e5a04d FBNoSuchElementErrorResponseForRequest + 301\n\t1   WebDriverAgentLib                   0x0000000108e59df9 +[FBFindElementCommands handleFindElement:] + 425\n\t2   WebDriverAgentLib                   0x0000000108e377d6 -[FBRoute_TargetAction mountRequest:intoResponse:] + 182\n\t3   WebDriverAgentLib                   0x0000000108e1f5cb __37-[FBWebServer registerRouteHandlers:]_block_invoke + 555\n\t4   RoutingHTTPServer                   0x0000000108f29c53 -[RoutingHTTPServer handleRoute:withRequest:response:] + 136\n\t5   RoutingHTTPServer                   0x0000000108f2a566 __72-[RoutingHTTPServer routeMethod:withPath:parameters:request:connection:]_block_invoke + 47\n\t6   libdispatch.dylib                   0x00007fff519de7b9 _dispatch_client_callout + 8\n\t7   libdispatch.dylib                   0x00007fff...
[debug] &amp#27;[35m[W3C]&amp#27;[39m Matched W3C error code 'no such element' to NoSuchElementError
[debug] &amp#27;[35m[BaseDriver]&amp#27;[39m Waited for 2395 ms so far
[debug] &amp#27;[35m[WD Proxy]&amp#27;[39m Matched '/element' to command name 'findElement'
[debug] &amp#27;[35m[WD Proxy]&amp#27;[39m Proxying [POST /element] to [POST http://127.0.0.1:8100/session/087ADEB0-9E30-4168-9B13-4C3DA9303481/element] with body: {"using":"accessibility id","value":"���������� ������������"}
&amp#27;[35m[WD Proxy]&amp#27;[39m Got response with status 404: {"value":{"error":"no such element","message":"unable to find an element using 'accessibility id', value '���������� ������������'","traceback":"(\n\t0   WebDriverAgentLib                   0x0000000108e5a04d FBNoSuchElementErrorResponseForRequest + 301\n\t1   WebDriverAgentLib                   0x0000000108e59df9 +[FBFindElementCommands handleFindElement:] + 425\n\t2   WebDriverAgentLib                   0x0000000108e377d6 -[FBRoute_TargetAction mountRequest:intoResponse:] + 182\n\t3   WebDriverAgentLib                   0x0000000108e1f5cb __37-[FBWebServer registerRouteHandlers:]_block_invoke + 555\n\t4   RoutingHTTPServer                   0x0000000108f29c53 -[RoutingHTTPServer handleRoute:withRequest:response:] + 136\n\t5   RoutingHTTPServer                   0x0000000108f2a566 __72-[RoutingHTTPServer routeMethod:withPath:parameters:request:connection:]_block_invoke + 47\n\t6   libdispatch.dylib                   0x00007fff519de7b9 _dispatch_client_callout + 8\n\t7   libdispatch.dylib                   0x00007fff...
[debug] &amp#27;[35m[W3C]&amp#27;[39m Matched W3C error code 'no such element' to NoSuchElementError
[debug] &amp#27;[35m[BaseDriver]&amp#27;[39m Waited for 2969 ms so far
[debug] &amp#27;[35m[WD Proxy]&amp#27;[39m Matched '/element' to command name 'findElement'
[debug] &amp#27;[35m[WD Proxy]&amp#27;[39m Proxying [POST /element] to [POST http://127.0.0.1:8100/session/087ADEB0-9E30-4168-9B13-4C3DA9303481/element] with body: {"using":"accessibility id","value":"���������� ������������"}
&amp#27;[35m[WD Proxy]&amp#27;[39m Got response with status 404: {"value":{"error":"no such element","message":"unable to find an element using 'accessibility id', value '���������� ������������'","traceback":"(\n\t0   WebDriverAgentLib                   0x0000000108e5a04d FBNoSuchElementErrorResponseForRequest + 301\n\t1   WebDriverAgentLib                   0x0000000108e59df9 +[FBFindElementCommands handleFindElement:] + 425\n\t2   WebDriverAgentLib                   0x0000000108e377d6 -[FBRoute_TargetAction mountRequest:intoResponse:] + 182\n\t3   WebDriverAgentLib                   0x0000000108e1f5cb __37-[FBWebServer registerRouteHandlers:]_block_invoke + 555\n\t4   RoutingHTTPServer                   0x0000000108f29c53 -[RoutingHTTPServer handleRoute:withRequest:response:] + 136\n\t5   RoutingHTTPServer                   0x0000000108f2a566 __72-[RoutingHTTPServer routeMethod:withPath:parameters:request:connection:]_block_invoke + 47\n\t6   libdispatch.dylib                   0x00007fff519de7b9 _dispatch_client_callout + 8\n\t7   libdispatch.dylib                   0x00007fff...
[debug] &amp#27;[35m[W3C]&amp#27;[39m Matched W3C error code 'no such element' to NoSuchElementError
[debug] &amp#27;[35m[BaseDriver]&amp#27;[39m Waited for 3551 ms so far
[debug] &amp#27;[35m[WD Proxy]&amp#27;[39m Matched '/element' to command name 'findElement'
[debug] &amp#27;[35m[WD Proxy]&amp#27;[39m Proxying [POST /element] to [POST http://127.0.0.1:8100/session/087ADEB0-9E30-4168-9B13-4C3DA9303481/element] with body: {"using":"accessibility id","value":"���������� ������������"}
&amp#27;[35m[WD Proxy]&amp#27;[39m Got response with status 404: {"value":{"error":"no such element","message":"unable to find an element using 'accessibility id', value '���������� ������������'","traceback":"(\n\t0   WebDriverAgentLib                   0x0000000108e5a04d FBNoSuchElementErrorResponseForRequest + 301\n\t1   WebDriverAgentLib                   0x0000000108e59df9 +[FBFindElementCommands handleFindElement:] + 425\n\t2   WebDriverAgentLib                   0x0000000108e377d6 -[FBRoute_TargetAction mountRequest:intoResponse:] + 182\n\t3   WebDriverAgentLib                   0x0000000108e1f5cb __37-[FBWebServer registerRouteHandlers:]_block_invoke + 555\n\t4   RoutingHTTPServer                   0x0000000108f29c53 -[RoutingHTTPServer handleRoute:withRequest:response:] + 136\n\t5   RoutingHTTPServer                   0x0000000108f2a566 __72-[RoutingHTTPServer routeMethod:withPath:parameters:request:connection:]_block_invoke + 47\n\t6   libdispatch.dylib                   0x00007fff519de7b9 _dispatch_client_callout + 8\n\t7   libdispatch.dylib                   0x00007fff...
[debug] &amp#27;[35m[W3C]&amp#27;[39m Matched W3C error code 'no such element' to NoSuchElementError
[debug] &amp#27;[35m[BaseDriver]&amp#27;[39m Waited for 4126 ms so far
[debug] &amp#27;[35m[WD Proxy]&amp#27;[39m Matched '/element' to command name 'findElement'
[debug] &amp#27;[35m[WD Proxy]&amp#27;[39m Proxying [POST /element] to [POST http://127.0.0.1:8100/session/087ADEB0-9E30-4168-9B13-4C3DA9303481/element] with body: {"using":"accessibility id","value":"���������� ������������"}
&amp#27;[35m[WD Proxy]&amp#27;[39m Got response with status 404: {"value":{"error":"no such element","message":"unable to find an element using 'accessibility id', value '���������� ������������'","traceback":"(\n\t0   WebDriverAgentLib                   0x0000000108e5a04d FBNoSuchElementErrorResponseForRequest + 301\n\t1   WebDriverAgentLib                   0x0000000108e59df9 +[FBFindElementCommands handleFindElement:] + 425\n\t2   WebDriverAgentLib                   0x0000000108e377d6 -[FBRoute_TargetAction mountRequest:intoResponse:] + 182\n\t3   WebDriverAgentLib                   0x0000000108e1f5cb __37-[FBWebServer registerRouteHandlers:]_block_invoke + 555\n\t4   RoutingHTTPServer                   0x0000000108f29c53 -[RoutingHTTPServer handleRoute:withRequest:response:] + 136\n\t5   RoutingHTTPServer                   0x0000000108f2a566 __72-[RoutingHTTPServer routeMethod:withPath:parameters:request:connection:]_block_invoke + 47\n\t6   libdispatch.dylib                   0x00007fff519de7b9 _dispatch_client_callout + 8\n\t7   libdispatch.dylib                   0x00007fff...
[debug] &amp#27;[35m[W3C]&amp#27;[39m Matched W3C error code 'no such element' to NoSuchElementError
[debug] &amp#27;[35m[BaseDriver]&amp#27;[39m Waited for 4705 ms so far
[debug] &amp#27;[35m[WD Proxy]&amp#27;[39m Matched '/element' to command name 'findElement'
[debug] &amp#27;[35m[WD Proxy]&amp#27;[39m Proxying [POST /element] to [POST http://127.0.0.1:8100/session/087ADEB0-9E30-4168-9B13-4C3DA9303481/element] with body: {"using":"accessibility id","value":"���������� ������������"}
&amp#27;[35m[WD Proxy]&amp#27;[39m Got response with status 404: {"value":{"error":"no such element","message":"unable to find an element using 'accessibility id', value '���������� ������������'","traceback":"(\n\t0   WebDriverAgentLib                   0x0000000108e5a04d FBNoSuchElementErrorResponseForRequest + 301\n\t1   WebDriverAgentLib                   0x0000000108e59df9 +[FBFindElementCommands handleFindElement:] + 425\n\t2   WebDriverAgentLib                   0x0000000108e377d6 -[FBRoute_TargetAction mountRequest:intoResponse:] + 182\n\t3   WebDriverAgentLib                   0x0000000108e1f5cb __37-[FBWebServer registerRouteHandlers:]_block_invoke + 555\n\t4   RoutingHTTPServer                   0x0000000108f29c53 -[RoutingHTTPServer handleRoute:withRequest:response:] + 136\n\t5   RoutingHTTPServer                   0x0000000108f2a566 __72-[RoutingHTTPServer routeMethod:withPath:parameters:request:connection:]_block_invoke + 47\n\t6   libdispatch.dylib                   0x00007fff519de7b9 _dispatch_client_callout + 8\n\t7   libdispatch.dylib                   0x00007fff...
[debug] &amp#27;[35m[W3C]&amp#27;[39m Matched W3C error code 'no such element' to NoSuchElementError
[debug] &amp#27;[35m[BaseDriver]&amp#27;[39m Waited for 5283 ms so far
[debug] &amp#27;[35m[WD Proxy]&amp#27;[39m Matched '/element' to command name 'findElement'
[debug] &amp#27;[35m[WD Proxy]&amp#27;[39m Proxying [POST /element] to [POST http://127.0.0.1:8100/session/087ADEB0-9E30-4168-9B13-4C3DA9303481/element] with body: {"using":"accessibility id","value":"���������� ������������"}
&amp#27;[35m[WD Proxy]&amp#27;[39m Got response with status 404: {"value":{"error":"no such element","message":"unable to find an element using 'accessibility id', value '���������� ������������'","traceback":"(\n\t0   WebDriverAgentLib                   0x0000000108e5a04d FBNoSuchElementErrorResponseForRequest + 301\n\t1   WebDriverAgentLib                   0x0000000108e59df9 +[FBFindElementCommands handleFindElement:] + 425\n\t2   WebDriverAgentLib                   0x0000000108e377d6 -[FBRoute_TargetAction mountRequest:intoResponse:] + 182\n\t3   WebDriverAgentLib                   0x0000000108e1f5cb __37-[FBWebServer registerRouteHandlers:]_block_invoke + 555\n\t4   RoutingHTTPServer                   0x0000000108f29c53 -[RoutingHTTPServer handleRoute:withRequest:response:] + 136\n\t5   RoutingHTTPServer                   0x0000000108f2a566 __72-[RoutingHTTPServer routeMethod:withPath:parameters:request:connection:]_block_invoke + 47\n\t6   libdispatch.dylib                   0x00007fff519de7b9 _dispatch_client_callout + 8\n\t7   libdispatch.dylib                   0x00007fff...
[debug] &amp#27;[35m[W3C]&amp#27;[39m Matched W3C error code 'no such element' to NoSuchElementError
[debug] &amp#27;[35m[BaseDriver]&amp#27;[39m Waited for 5860 ms so far
[debug] &amp#27;[35m[WD Proxy]&amp#27;[39m Matched '/element' to command name 'findElement'
[debug] &amp#27;[35m[WD Proxy]&amp#27;[39m Proxying [POST /element] to [POST http://127.0.0.1:8100/session/087ADEB0-9E30-4168-9B13-4C3DA9303481/element] with body: {"using":"accessibility id","value":"���������� ������������"}
&amp#27;[35m[WD Proxy]&amp#27;[39m Got response with status 404: {"value":{"error":"no such element","message":"unable to find an element using 'accessibility id', value '���������� ������������'","traceback":"(\n\t0   WebDriverAgentLib                   0x0000000108e5a04d FBNoSuchElementErrorResponseForRequest + 301\n\t1   WebDriverAgentLib                   0x0000000108e59df9 +[FBFindElementCommands handleFindElement:] + 425\n\t2   WebDriverAgentLib                   0x0000000108e377d6 -[FBRoute_TargetAction mountRequest:intoResponse:] + 182\n\t3   WebDriverAgentLib                   0x0000000108e1f5cb __37-[FBWebServer registerRouteHandlers:]_block_invoke + 555\n\t4   RoutingHTTPServer                   0x0000000108f29c53 -[RoutingHTTPServer handleRoute:withRequest:response:] + 136\n\t5   RoutingHTTPServer                   0x0000000108f2a566 __72-[RoutingHTTPServer routeMethod:withPath:parameters:request:connection:]_block_invoke + 47\n\t6   libdispatch.dylib                   0x00007fff519de7b9 _dispatch_client_callout + 8\n\t7   libdispatch.dylib                   0x00007fff...
[debug] &amp#27;[35m[W3C]&amp#27;[39m Matched W3C error code 'no such element' to NoSuchElementError
[debug] &amp#27;[35m[BaseDriver]&amp#27;[39m Waited for 6443 ms so far
[debug] &amp#27;[35m[WD Proxy]&amp#27;[39m Matched '/element' to command name 'findElement'
[debug] &amp#27;[35m[WD Proxy]&amp#27;[39m Proxying [POST /element] to [POST http://127.0.0.1:8100/session/087ADEB0-9E30-4168-9B13-4C3DA9303481/element] with body: {"using":"accessibility id","value":"���������� ������������"}
&amp#27;[35m[WD Proxy]&amp#27;[39m Got response with status 404: {"value":{"error":"no such element","message":"unable to find an element using 'accessibility id', value '���������� ������������'","traceback":"(\n\t0   WebDriverAgentLib                   0x0000000108e5a04d FBNoSuchElementErrorResponseForRequest + 301\n\t1   WebDriverAgentLib                   0x0000000108e59df9 +[FBFindElementCommands handleFindElement:] + 425\n\t2   WebDriverAgentLib                   0x0000000108e377d6 -[FBRoute_TargetAction mountRequest:intoResponse:] + 182\n\t3   WebDriverAgentLib                   0x0000000108e1f5cb __37-[FBWebServer registerRouteHandlers:]_block_invoke + 555\n\t4   RoutingHTTPServer                   0x0000000108f29c53 -[RoutingHTTPServer handleRoute:withRequest:response:] + 136\n\t5   RoutingHTTPServer                   0x0000000108f2a566 __72-[RoutingHTTPServer routeMethod:withPath:parameters:request:connection:]_block_invoke + 47\n\t6   libdispatch.dylib                   0x00007fff519de7b9 _dispatch_client_callout + 8\n\t7   libdispatch.dylib                   0x00007fff...
[debug] &amp#27;[35m[W3C]&amp#27;[39m Matched W3C error code 'no such element' to NoSuchElementError
[debug] &amp#27;[35m[BaseDriver]&amp#27;[39m Waited for 7022 ms so far
[debug] &amp#27;[35m[WD Proxy]&amp#27;[39m Matched '/element' to command name 'findElement'
[debug] &amp#27;[35m[WD Proxy]&amp#27;[39m Proxying [POST /element] to [POST http://127.0.0.1:8100/session/087ADEB0-9E30-4168-9B13-4C3DA9303481/element] with body: {"using":"accessibility id","value":"���������� ������������"}
&amp#27;[35m[WD Proxy]&amp#27;[39m Got response with status 404: {"value":{"error":"no such element","message":"unable to find an element using 'accessibility id', value '���������� ������������'","traceback":"(\n\t0   WebDriverAgentLib                   0x0000000108e5a04d FBNoSuchElementErrorResponseForRequest + 301\n\t1   WebDriverAgentLib                   0x0000000108e59df9 +[FBFindElementCommands handleFindElement:] + 425\n\t2   WebDriverAgentLib                   0x0000000108e377d6 -[FBRoute_TargetAction mountRequest:intoResponse:] + 182\n\t3   WebDriverAgentLib                   0x0000000108e1f5cb __37-[FBWebServer registerRouteHandlers:]_block_invoke + 555\n\t4   RoutingHTTPServer                   0x0000000108f29c53 -[RoutingHTTPServer handleRoute:withRequest:response:] + 136\n\t5   RoutingHTTPServer                   0x0000000108f2a566 __72-[RoutingHTTPServer routeMethod:withPath:parameters:request:connection:]_block_invoke + 47\n\t6   libdispatch.dylib                   0x00007fff519de7b9 _dispatch_client_callout + 8\n\t7   libdispatch.dylib                   0x00007fff...
[debug] &amp#27;[35m[W3C]&amp#27;[39m Matched W3C error code 'no such element' to NoSuchElementError
[debug] &amp#27;[35m[BaseDriver]&amp#27;[39m Waited for 7601 ms so far
[debug] &amp#27;[35m[WD Proxy]&amp#27;[39m Matched '/element' to command name 'findElement'
[debug] &amp#27;[35m[WD Proxy]&amp#27;[39m Proxying [POST /element] to [POST http://127.0.0.1:8100/session/087ADEB0-9E30-4168-9B13-4C3DA9303481/element] with body: {"using":"accessibility id","value":"���������� ������������"}
&amp#27;[35m[WD Proxy]&amp#27;[39m Got response with status 404: {"value":{"error":"no such element","message":"unable to find an element using 'accessibility id', value '���������� ������������'","traceback":"(\n\t0   WebDriverAgentLib                   0x0000000108e5a04d FBNoSuchElementErrorResponseForRequest + 301\n\t1   WebDriverAgentLib                   0x0000000108e59df9 +[FBFindElementCommands handleFindElement:] + 425\n\t2   WebDriverAgentLib                   0x0000000108e377d6 -[FBRoute_TargetAction mountRequest:intoResponse:] + 182\n\t3   WebDriverAgentLib                   0x0000000108e1f5cb __37-[FBWebServer registerRouteHandlers:]_block_invoke + 555\n\t4   RoutingHTTPServer                   0x0000000108f29c53 -[RoutingHTTPServer handleRoute:withRequest:response:] + 136\n\t5   RoutingHTTPServer                   0x0000000108f2a566 __72-[RoutingHTTPServer routeMethod:withPath:parameters:request:connection:]_block_invoke + 47\n\t6   libdispatch.dylib                   0x00007fff519de7b9 _dispatch_client_callout + 8\n\t7   libdispatch.dylib                   0x00007fff...
[debug] &amp#27;[35m[W3C]&amp#27;[39m Matched W3C error code 'no such element' to NoSuchElementError
[debug] &amp#27;[35m[BaseDriver]&amp#27;[39m Waited for 8175 ms so far
[debug] &amp#27;[35m[WD Proxy]&amp#27;[39m Matched '/element' to command name 'findElement'
[debug] &amp#27;[35m[WD Proxy]&amp#27;[39m Proxying [POST /element] to [POST http://127.0.0.1:8100/session/087ADEB0-9E30-4168-9B13-4C3DA9303481/element] with body: {"using":"accessibility id","value":"���������� ������������"}
&amp#27;[35m[WD Proxy]&amp#27;[39m Got response with status 404: {"value":{"error":"no such element","message":"unable to find an element using 'accessibility id', value '���������� ������������'","traceback":"(\n\t0   WebDriverAgentLib                   0x0000000108e5a04d FBNoSuchElementErrorResponseForRequest + 301\n\t1   WebDriverAgentLib                   0x0000000108e59df9 +[FBFindElementCommands handleFindElement:] + 425\n\t2   WebDriverAgentLib                   0x0000000108e377d6 -[FBRoute_TargetAction mountRequest:intoResponse:] + 182\n\t3   WebDriverAgentLib                   0x0000000108e1f5cb __37-[FBWebServer registerRouteHandlers:]_block_invoke + 555\n\t4   RoutingHTTPServer                   0x0000000108f29c53 -[RoutingHTTPServer handleRoute:withRequest:response:] + 136\n\t5   RoutingHTTPServer                   0x0000000108f2a566 __72-[RoutingHTTPServer routeMethod:withPath:parameters:request:connection:]_block_invoke + 47\n\t6   libdispatch.dylib                   0x00007fff519de7b9 _dispatch_client_callout + 8\n\t7   libdispatch.dylib                   0x00007fff...
[debug] &amp#27;[35m[W3C]&amp#27;[39m Matched W3C error code 'no such element' to NoSuchElementError
[debug] &amp#27;[35m[BaseDriver]&amp#27;[39m Waited for 8756 ms so far
[debug] &amp#27;[35m[WD Proxy]&amp#27;[39m Matched '/element' to command name 'findElement'
[debug] &amp#27;[35m[WD Proxy]&amp#27;[39m Proxying [POST /element] to [POST http://127.0.0.1:8100/session/087ADEB0-9E30-4168-9B13-4C3DA9303481/element] with body: {"using":"accessibility id","value":"���������� ������������"}
&amp#27;[35m[WD Proxy]&amp#27;[39m Got response with status 404: {"value":{"error":"no such element","message":"unable to find an element using 'accessibility id', value '���������� ������������'","traceback":"(\n\t0   WebDriverAgentLib                   0x0000000108e5a04d FBNoSuchElementErrorResponseForRequest + 301\n\t1   WebDriverAgentLib                   0x0000000108e59df9 +[FBFindElementCommands handleFindElement:] + 425\n\t2   WebDriverAgentLib                   0x0000000108e377d6 -[FBRoute_TargetAction mountRequest:intoResponse:] + 182\n\t3   WebDriverAgentLib                   0x0000000108e1f5cb __37-[FBWebServer registerRouteHandlers:]_block_invoke + 555\n\t4   RoutingHTTPServer                   0x0000000108f29c53 -[RoutingHTTPServer handleRoute:withRequest:response:] + 136\n\t5   RoutingHTTPServer                   0x0000000108f2a566 __72-[RoutingHTTPServer routeMethod:withPath:parameters:request:connection:]_block_invoke + 47\n\t6   libdispatch.dylib                   0x00007fff519de7b9 _dispatch_client_callout + 8\n\t7   libdispatch.dylib                   0x00007fff...
[debug] &amp#27;[35m[W3C]&amp#27;[39m Matched W3C error code 'no such element' to NoSuchElementError
[debug] &amp#27;[35m[BaseDriver]&amp#27;[39m Waited for 9327 ms so far
[debug] &amp#27;[35m[WD Proxy]&amp#27;[39m Matched '/element' to command name 'findElement'
[debug] &amp#27;[35m[WD Proxy]&amp#27;[39m Proxying [POST /element] to [POST http://127.0.0.1:8100/session/087ADEB0-9E30-4168-9B13-4C3DA9303481/element] with body: {"using":"accessibility id","value":"���������� ������������"}
&amp#27;[35m[WD Proxy]&amp#27;[39m Got response with status 404: {"value":{"error":"no such element","message":"unable to find an element using 'accessibility id', value '���������� ������������'","traceback":"(\n\t0   WebDriverAgentLib                   0x0000000108e5a04d FBNoSuchElementErrorResponseForRequest + 301\n\t1   WebDriverAgentLib                   0x0000000108e59df9 +[FBFindElementCommands handleFindElement:] + 425\n\t2   WebDriverAgentLib                   0x0000000108e377d6 -[FBRoute_TargetAction mountRequest:intoResponse:] + 182\n\t3   WebDriverAgentLib                   0x0000000108e1f5cb __37-[FBWebServer registerRouteHandlers:]_block_invoke + 555\n\t4   RoutingHTTPServer                   0x0000000108f29c53 -[RoutingHTTPServer handleRoute:withRequest:response:] + 136\n\t5   RoutingHTTPServer                   0x0000000108f2a566 __72-[RoutingHTTPServer routeMethod:withPath:parameters:request:connection:]_block_invoke + 47\n\t6   libdispatch.dylib                   0x00007fff519de7b9 _dispatch_client_callout + 8\n\t7   libdispatch.dylib                   0x00007fff...
[debug] &amp#27;[35m[W3C]&amp#27;[39m Matched W3C error code 'no such element' to NoSuchElementError
[debug] &amp#27;[35m[BaseDriver]&amp#27;[39m Waited for 9899 ms so far
[debug] &amp#27;[35m[WD Proxy]&amp#27;[39m Matched '/element' to command name 'findElement'
[debug] &amp#27;[35m[WD Proxy]&amp#27;[39m Proxying [POST /element] to [POST http://127.0.0.1:8100/session/087ADEB0-9E30-4168-9B13-4C3DA9303481/element] with body: {"using":"accessibility id","value":"���������� ������������"}
&amp#27;[35m[WD Proxy]&amp#27;[39m Got response with status 404: {"value":{"error":"no such element","message":"unable to find an element using 'accessibility id', value '���������� ������������'","traceback":"(\n\t0   WebDriverAgentLib                   0x0000000108e5a04d FBNoSuchElementErrorResponseForRequest + 301\n\t1   WebDriverAgentLib                   0x0000000108e59df9 +[FBFindElementCommands handleFindElement:] + 425\n\t2   WebDriverAgentLib                   0x0000000108e377d6 -[FBRoute_TargetAction mountRequest:intoResponse:] + 182\n\t3   WebDriverAgentLib                   0x0000000108e1f5cb __37-[FBWebServer registerRouteHandlers:]_block_invoke + 555\n\t4   RoutingHTTPServer                   0x0000000108f29c53 -[RoutingHTTPServer handleRoute:withRequest:response:] + 136\n\t5   RoutingHTTPServer                   0x0000000108f2a566 __72-[RoutingHTTPServer routeMethod:withPath:parameters:request:connection:]_block_invoke + 47\n\t6   libdispatch.dylib                   0x00007fff519de7b9 _dispatch_client_callout + 8\n\t7   libdispatch.dylib                   0x00007fff...
[debug] &amp#27;[35m[W3C]&amp#27;[39m Matched W3C error code 'no such element' to NoSuchElementError
[debug] &amp#27;[35m[BaseDriver]&amp#27;[39m Waited for 10472 ms so far
[debug] &amp#27;[35m[WD Proxy]&amp#27;[39m Matched '/element' to command name 'findElement'
[debug] &amp#27;[35m[WD Proxy]&amp#27;[39m Proxying [POST /element] to [POST http://127.0.0.1:8100/session/087ADEB0-9E30-4168-9B13-4C3DA9303481/element] with body: {"using":"accessibility id","value":"���������� ������������"}
&amp#27;[35m[WD Proxy]&amp#27;[39m Got response with status 404: {"value":{"error":"no such element","message":"unable to find an element using 'accessibility id', value '���������� ������������'","traceback":"(\n\t0   WebDriverAgentLib                   0x0000000108e5a04d FBNoSuchElementErrorResponseForRequest + 301\n\t1   WebDriverAgentLib                   0x0000000108e59df9 +[FBFindElementCommands handleFindElement:] + 425\n\t2   WebDriverAgentLib                   0x0000000108e377d6 -[FBRoute_TargetAction mountRequest:intoResponse:] + 182\n\t3   WebDriverAgentLib                   0x0000000108e1f5cb __37-[FBWebServer registerRouteHandlers:]_block_invoke + 555\n\t4   RoutingHTTPServer                   0x0000000108f29c53 -[RoutingHTTPServer handleRoute:withRequest:response:] + 136\n\t5   RoutingHTTPServer                   0x0000000108f2a566 __72-[RoutingHTTPServer routeMethod:withPath:parameters:request:connection:]_block_invoke + 47\n\t6   libdispatch.dylib                   0x00007fff519de7b9 _dispatch_client_callout + 8\n\t7   libdispatch.dylib                   0x00007fff...
[debug] &amp#27;[35m[W3C]&amp#27;[39m Matched W3C error code 'no such element' to NoSuchElementError
[debug] &amp#27;[35m[BaseDriver]&amp#27;[39m Waited for 11046 ms so far
[debug] &amp#27;[35m[WD Proxy]&amp#27;[39m Matched '/element' to command name 'findElement'
[debug] &amp#27;[35m[WD Proxy]&amp#27;[39m Proxying [POST /element] to [POST http://127.0.0.1:8100/session/087ADEB0-9E30-4168-9B13-4C3DA9303481/element] with body: {"using":"accessibility id","value":"���������� ������������"}
&amp#27;[35m[WD Proxy]&amp#27;[39m Got response with status 404: {"value":{"error":"no such element","message":"unable to find an element using 'accessibility id', value '���������� ������������'","traceback":"(\n\t0   WebDriverAgentLib                   0x0000000108e5a04d FBNoSuchElementErrorResponseForRequest + 301\n\t1   WebDriverAgentLib                   0x0000000108e59df9 +[FBFindElementCommands handleFindElement:] + 425\n\t2   WebDriverAgentLib                   0x0000000108e377d6 -[FBRoute_TargetAction mountRequest:intoResponse:] + 182\n\t3   WebDriverAgentLib                   0x0000000108e1f5cb __37-[FBWebServer registerRouteHandlers:]_block_invoke + 555\n\t4   RoutingHTTPServer                   0x0000000108f29c53 -[RoutingHTTPServer handleRoute:withRequest:response:] + 136\n\t5   RoutingHTTPServer                   0x0000000108f2a566 __72-[RoutingHTTPServer routeMethod:withPath:parameters:request:connection:]_block_invoke + 47\n\t6   libdispatch.dylib                   0x00007fff519de7b9 _dispatch_client_callout + 8\n\t7   libdispatch.dylib                   0x00007fff...
[debug] &amp#27;[35m[W3C]&amp#27;[39m Matched W3C error code 'no such element' to NoSuchElementError
[debug] &amp#27;[35m[BaseDriver]&amp#27;[39m Waited for 11627 ms so far
[debug] &amp#27;[35m[WD Proxy]&amp#27;[39m Matched '/element' to command name 'findElement'
[debug] &amp#27;[35m[WD Proxy]&amp#27;[39m Proxying [POST /element] to [POST http://127.0.0.1:8100/session/087ADEB0-9E30-4168-9B13-4C3DA9303481/element] with body: {"using":"accessibility id","value":"���������� ������������"}
&amp#27;[35m[WD Proxy]&amp#27;[39m Got response with status 404: {"value":{"error":"no such element","message":"unable to find an element using 'accessibility id', value '���������� ������������'","traceback":"(\n\t0   WebDriverAgentLib                   0x0000000108e5a04d FBNoSuchElementErrorResponseForRequest + 301\n\t1   WebDriverAgentLib                   0x0000000108e59df9 +[FBFindElementCommands handleFindElement:] + 425\n\t2   WebDriverAgentLib                   0x0000000108e377d6 -[FBRoute_TargetAction mountRequest:intoResponse:] + 182\n\t3   WebDriverAgentLib                   0x0000000108e1f5cb __37-[FBWebServer registerRouteHandlers:]_block_invoke + 555\n\t4   RoutingHTTPServer                   0x0000000108f29c53 -[RoutingHTTPServer handleRoute:withRequest:response:] + 136\n\t5   RoutingHTTPServer                   0x0000000108f2a566 __72-[RoutingHTTPServer routeMethod:withPath:parameters:request:connection:]_block_invoke + 47\n\t6   libdispatch.dylib                   0x00007fff519de7b9 _dispatch_client_callout + 8\n\t7   libdispatch.dylib                   0x00007fff...
[debug] &amp#27;[35m[W3C]&amp#27;[39m Matched W3C error code 'no such element' to NoSuchElementError
[debug] &amp#27;[35m[BaseDriver]&amp#27;[39m Waited for 12205 ms so far
[debug] &amp#27;[35m[WD Proxy]&amp#27;[39m Matched '/element' to command name 'findElement'
[debug] &amp#27;[35m[WD Proxy]&amp#27;[39m Proxying [POST /element] to [POST http://127.0.0.1:8100/session/087ADEB0-9E30-4168-9B13-4C3DA9303481/element] with body: {"using":"accessibility id","value":"���������� ������������"}
&amp#27;[35m[WD Proxy]&amp#27;[39m Got response with status 404: {"value":{"error":"no such element","message":"unable to find an element using 'accessibility id', value '���������� ������������'","traceback":"(\n\t0   WebDriverAgentLib                   0x0000000108e5a04d FBNoSuchElementErrorResponseForRequest + 301\n\t1   WebDriverAgentLib                   0x0000000108e59df9 +[FBFindElementCommands handleFindElement:] + 425\n\t2   WebDriverAgentLib                   0x0000000108e377d6 -[FBRoute_TargetAction mountRequest:intoResponse:] + 182\n\t3   WebDriverAgentLib                   0x0000000108e1f5cb __37-[FBWebServer registerRouteHandlers:]_block_invoke + 555\n\t4   RoutingHTTPServer                   0x0000000108f29c53 -[RoutingHTTPServer handleRoute:withRequest:response:] + 136\n\t5   RoutingHTTPServer                   0x0000000108f2a566 __72-[RoutingHTTPServer routeMethod:withPath:parameters:request:connection:]_block_invoke + 47\n\t6   libdispatch.dylib                   0x00007fff519de7b9 _dispatch_client_callout + 8\n\t7   libdispatch.dylib                   0x00007fff...
[debug] &amp#27;[35m[W3C]&amp#27;[39m Matched W3C error code 'no such element' to NoSuchElementError
[debug] &amp#27;[35m[BaseDriver]&amp#27;[39m Waited for 12789 ms so far
[debug] &amp#27;[35m[WD Proxy]&amp#27;[39m Matched '/element' to command name 'findElement'
[debug] &amp#27;[35m[WD Proxy]&amp#27;[39m Proxying [POST /element] to [POST http://127.0.0.1:8100/session/087ADEB0-9E30-4168-9B13-4C3DA9303481/element] with body: {"using":"accessibility id","value":"���������� ������������"}
&amp#27;[35m[WD Proxy]&amp#27;[39m Got response with status 404: {"value":{"error":"no such element","message":"unable to find an element using 'accessibility id', value '���������� ������������'","traceback":"(\n\t0   WebDriverAgentLib                   0x0000000108e5a04d FBNoSuchElementErrorResponseForRequest + 301\n\t1   WebDriverAgentLib                   0x0000000108e59df9 +[FBFindElementCommands handleFindElement:] + 425\n\t2   WebDriverAgentLib                   0x0000000108e377d6 -[FBRoute_TargetAction mountRequest:intoResponse:] + 182\n\t3   WebDriverAgentLib                   0x0000000108e1f5cb __37-[FBWebServer registerRouteHandlers:]_block_invoke + 555\n\t4   RoutingHTTPServer                   0x0000000108f29c53 -[RoutingHTTPServer handleRoute:withRequest:response:] + 136\n\t5   RoutingHTTPServer                   0x0000000108f2a566 __72-[RoutingHTTPServer routeMethod:withPath:parameters:request:connection:]_block_invoke + 47\n\t6   libdispatch.dylib                   0x00007fff519de7b9 _dispatch_client_callout + 8\n\t7   libdispatch.dylib                   0x00007fff...
[debug] &amp#27;[35m[W3C]&amp#27;[39m Matched W3C error code 'no such element' to NoSuchElementError
[debug] &amp#27;[35m[BaseDriver]&amp#27;[39m Waited for 13367 ms so far
[debug] &amp#27;[35m[WD Proxy]&amp#27;[39m Matched '/element' to command name 'findElement'
[debug] &amp#27;[35m[WD Proxy]&amp#27;[39m Proxying [POST /element] to [POST http://127.0.0.1:8100/session/087ADEB0-9E30-4168-9B13-4C3DA9303481/element] with body: {"using":"accessibility id","value":"���������� ������������"}
&amp#27;[35m[WD Proxy]&amp#27;[39m Got response with status 404: {"value":{"error":"no such element","message":"unable to find an element using 'accessibility id', value '���������� ������������'","traceback":"(\n\t0   WebDriverAgentLib                   0x0000000108e5a04d FBNoSuchElementErrorResponseForRequest + 301\n\t1   WebDriverAgentLib                   0x0000000108e59df9 +[FBFindElementCommands handleFindElement:] + 425\n\t2   WebDriverAgentLib                   0x0000000108e377d6 -[FBRoute_TargetAction mountRequest:intoResponse:] + 182\n\t3   WebDriverAgentLib                   0x0000000108e1f5cb __37-[FBWebServer registerRouteHandlers:]_block_invoke + 555\n\t4   RoutingHTTPServer                   0x0000000108f29c53 -[RoutingHTTPServer handleRoute:withRequest:response:] + 136\n\t5   RoutingHTTPServer                   0x0000000108f2a566 __72-[RoutingHTTPServer routeMethod:withPath:parameters:request:connection:]_block_invoke + 47\n\t6   libdispatch.dylib                   0x00007fff519de7b9 _dispatch_client_callout + 8\n\t7   libdispatch.dylib                   0x00007fff...
[debug] &amp#27;[35m[W3C]&amp#27;[39m Matched W3C error code 'no such element' to NoSuchElementError
[debug] &amp#27;[35m[BaseDriver]&amp#27;[39m Waited for 13941 ms so far
[debug] &amp#27;[35m[WD Proxy]&amp#27;[39m Matched '/element' to command name 'findElement'
[debug] &amp#27;[35m[WD Proxy]&amp#27;[39m Proxying [POST /element] to [POST http://127.0.0.1:8100/session/087ADEB0-9E30-4168-9B13-4C3DA9303481/element] with body: {"using":"accessibility id","value":"���������� ������������"}
&amp#27;[35m[WD Proxy]&amp#27;[39m Got response with status 404: {"value":{"error":"no such element","message":"unable to find an element using 'accessibility id', value '���������� ������������'","traceback":"(\n\t0   WebDriverAgentLib                   0x0000000108e5a04d FBNoSuchElementErrorResponseForRequest + 301\n\t1   WebDriverAgentLib                   0x0000000108e59df9 +[FBFindElementCommands handleFindElement:] + 425\n\t2   WebDriverAgentLib                   0x0000000108e377d6 -[FBRoute_TargetAction mountRequest:intoResponse:] + 182\n\t3   WebDriverAgentLib                   0x0000000108e1f5cb __37-[FBWebServer registerRouteHandlers:]_block_invoke + 555\n\t4   RoutingHTTPServer                   0x0000000108f29c53 -[RoutingHTTPServer handleRoute:withRequest:response:] + 136\n\t5   RoutingHTTPServer                   0x0000000108f2a566 __72-[RoutingHTTPServer routeMethod:withPath:parameters:request:connection:]_block_invoke + 47\n\t6   libdispatch.dylib                   0x00007fff519de7b9 _dispatch_client_callout + 8\n\t7   libdispatch.dylib                   0x00007fff...
[debug] &amp#27;[35m[W3C]&amp#27;[39m Matched W3C error code 'no such element' to NoSuchElementError
[debug] &amp#27;[35m[BaseDriver]&amp#27;[39m Waited for 14514 ms so far
[debug] &amp#27;[35m[WD Proxy]&amp#27;[39m Matched '/element' to command name 'findElement'
[debug] &amp#27;[35m[WD Proxy]&amp#27;[39m Proxying [POST /element] to [POST http://127.0.0.1:8100/session/087ADEB0-9E30-4168-9B13-4C3DA9303481/element] with body: {"using":"accessibility id","value":"���������� ������������"}
&amp#27;[35m[WD Proxy]&amp#27;[39m Got response with status 404: {"value":{"error":"no such element","message":"unable to find an element using 'accessibility id', value '���������� ������������'","traceback":"(\n\t0   WebDriverAgentLib                   0x0000000108e5a04d FBNoSuchElementErrorResponseForRequest + 301\n\t1   WebDriverAgentLib                   0x0000000108e59df9 +[FBFindElementCommands handleFindElement:] + 425\n\t2   WebDriverAgentLib                   0x0000000108e377d6 -[FBRoute_TargetAction mountRequest:intoResponse:] + 182\n\t3   WebDriverAgentLib                   0x0000000108e1f5cb __37-[FBWebServer registerRouteHandlers:]_block_invoke + 555\n\t4   RoutingHTTPServer                   0x0000000108f29c53 -[RoutingHTTPServer handleRoute:withRequest:response:] + 136\n\t5   RoutingHTTPServer                   0x0000000108f2a566 __72-[RoutingHTTPServer routeMethod:withPath:parameters:request:connection:]_block_invoke + 47\n\t6   libdispatch.dylib                   0x00007fff519de7b9 _dispatch_client_callout + 8\n\t7   libdispatch.dylib                   0x00007fff...
[debug] &amp#27;[35m[W3C]&amp#27;[39m Matched W3C error code 'no such element' to NoSuchElementError
[debug] &amp#27;[35m[BaseDriver]&amp#27;[39m Waited for 15090 ms so far
[debug] &amp#27;[35m[WD Proxy]&amp#27;[39m Matched '/element' to command name 'findElement'
[debug] &amp#27;[35m[WD Proxy]&amp#27;[39m Proxying [POST /element] to [POST http://127.0.0.1:8100/session/087ADEB0-9E30-4168-9B13-4C3DA9303481/element] with body: {"using":"accessibility id","value":"���������� ������������"}
&amp#27;[35m[WD Proxy]&amp#27;[39m Got response with status 404: {"value":{"error":"no such element","message":"unable to find an element using 'accessibility id', value '���������� ������������'","traceback":"(\n\t0   WebDriverAgentLib                   0x0000000108e5a04d FBNoSuchElementErrorResponseForRequest + 301\n\t1   WebDriverAgentLib                   0x0000000108e59df9 +[FBFindElementCommands handleFindElement:] + 425\n\t2   WebDriverAgentLib                   0x0000000108e377d6 -[FBRoute_TargetAction mountRequest:intoResponse:] + 182\n\t3   WebDriverAgentLib                   0x0000000108e1f5cb __37-[FBWebServer registerRouteHandlers:]_block_invoke + 555\n\t4   RoutingHTTPServer                   0x0000000108f29c53 -[RoutingHTTPServer handleRoute:withRequest:response:] + 136\n\t5   RoutingHTTPServer                   0x0000000108f2a566 __72-[RoutingHTTPServer routeMethod:withPath:parameters:request:connection:]_block_invoke + 47\n\t6   libdispatch.dylib                   0x00007fff519de7b9 _dispatch_client_callout + 8\n\t7   libdispatch.dylib                   0x00007fff...
[debug] &amp#27;[35m[W3C]&amp#27;[39m Matched W3C error code 'no such element' to NoSuchElementError
[debug] &amp#27;[35m[BaseDriver]&amp#27;[39m Waited for 15677 ms so far
[debug] &amp#27;[35m[WD Proxy]&amp#27;[39m Matched '/element' to command name 'findElement'
[...]
[debug] &amp#27;[35m[W3C]&amp#27;[39m Matched W3C error code 'no such element' to NoSuchElementError
[debug] &amp#27;[35m[BaseDriver]&amp#27;[39m Waited for 13411 ms so far
[debug] &amp#27;[35m[WD Proxy]&amp#27;[39m Matched '/element' to command name 'findElement'
[debug] &amp#27;[35m[WD Proxy]&amp#27;[39m Proxying [POST /element] to [POST http://127.0.0.1:8100/session/A1D9F109-AD22-4078-9CB0-867FB4F28026/element] with body: {"using":"accessibility id","value":"���������� ������������"}
&amp#27;[35m[WD Proxy]&amp#27;[39m Got response with status 404: {"value":{"error":"no such element","message":"unable to find an element using 'accessibility id', value '���������� ������������'","traceback":"(\n\t0   WebDriverAgentLib                   0x0000000108e5a04d FBNoSuchElementErrorResponseForRequest + 301\n\t1   WebDriverAgentLib                   0x0000000108e59df9 +[FBFindElementCommands handleFindElement:] + 425\n\t2   WebDriverAgentLib                   0x0000000108e377d6 -[FBRoute_TargetAction mountRequest:intoResponse:] + 182\n\t3   WebDriverAgentLib                   0x0000000108e1f5cb __37-[FBWebServer registerRouteHandlers:]_block_invoke + 555\n\t4   RoutingHTTPServer                   0x0000000108f29c53 -[RoutingHTTPServer handleRoute:withRequest:response:] + 136\n\t5   RoutingHTTPServer                   0x0000000108f2a566 __72-[RoutingHTTPServer routeMethod:withPath:parameters:request:connection:]_block_invoke + 47\n\t6   libdispatch.dylib                   0x00007fff519de7b9 _dispatch_client_callout + 8\n\t7   libdispatch.dylib                   0x00007fff...
[debug] &amp#27;[35m[W3C]&amp#27;[39m Matched W3C error code 'no such element' to NoSuchElementError
[debug] &amp#27;[35m[BaseDriver]&amp#27;[39m Waited for 13987 ms so far
[debug] &amp#27;[35m[WD Proxy]&amp#27;[39m Matched '/element' to command name 'findElement'
[debug] &amp#27;[35m[WD Proxy]&amp#27;[39m Proxying [POST /element] to [POST http://127.0.0.1:8100/session/A1D9F109-AD22-4078-9CB0-867FB4F28026/element] with body: {"using":"accessibility id","value":"���������� ������������"}
&amp#27;[35m[WD Proxy]&amp#27;[39m Got response with status 404: {"value":{"error":"no such element","message":"unable to find an element using 'accessibility id', value '���������� ������������'","traceback":"(\n\t0   WebDriverAgentLib                   0x0000000108e5a04d FBNoSuchElementErrorResponseForRequest + 301\n\t1   WebDriverAgentLib                   0x0000000108e59df9 +[FBFindElementCommands handleFindElement:] + 425\n\t2   WebDriverAgentLib                   0x0000000108e377d6 -[FBRoute_TargetAction mountRequest:intoResponse:] + 182\n\t3   WebDriverAgentLib                   0x0000000108e1f5cb __37-[FBWebServer registerRouteHandlers:]_block_invoke + 555\n\t4   RoutingHTTPServer                   0x0000000108f29c53 -[RoutingHTTPServer handleRoute:withRequest:response:] + 136\n\t5   RoutingHTTPServer                   0x0000000108f2a566 __72-[RoutingHTTPServer routeMethod:withPath:parameters:request:connection:]_block_invoke + 47\n\t6   libdispatch.dylib                   0x00007fff519de7b9 _dispatch_client_callout + 8\n\t7   libdispatch.dylib                   0x00007fff...
[debug] &amp#27;[35m[W3C]&amp#27;[39m Matched W3C error code 'no such element' to NoSuchElementError
[debug] &amp#27;[35m[BaseDriver]&amp#27;[39m Waited for 14564 ms so far
[debug] &amp#27;[35m[WD Proxy]&amp#27;[39m Matched '/element' to command name 'findElement'
[debug] &amp#27;[35m[WD Proxy]&amp#27;[39m Proxying [POST /element] to [POST http://127.0.0.1:8100/session/A1D9F109-AD22-4078-9CB0-867FB4F28026/element] with body: {"using":"accessibility id","value":"���������� ������������"}
&amp#27;[35m[WD Proxy]&amp#27;[39m Got response with status 404: {"value":{"error":"no such element","message":"unable to find an element using 'accessibility id', value '���������� ������������'","traceback":"(\n\t0   WebDriverAgentLib                   0x0000000108e5a04d FBNoSuchElementErrorResponseForRequest + 301\n\t1   WebDriverAgentLib                   0x0000000108e59df9 +[FBFindElementCommands handleFindElement:] + 425\n\t2   WebDriverAgentLib                   0x0000000108e377d6 -[FBRoute_TargetAction mountRequest:intoResponse:] + 182\n\t3   WebDriverAgentLib                   0x0000000108e1f5cb __37-[FBWebServer registerRouteHandlers:]_block_invoke + 555\n\t4   RoutingHTTPServer                   0x0000000108f29c53 -[RoutingHTTPServer handleRoute:withRequest:response:] + 136\n\t5   RoutingHTTPServer                   0x0000000108f2a566 __72-[RoutingHTTPServer routeMethod:withPath:parameters:request:connection:]_block_invoke + 47\n\t6   libdispatch.dylib                   0x00007fff519de7b9 _dispatch_client_callout + 8\n\t7   libdispatch.dylib                   0x00007fff...
[debug] &amp#27;[35m[W3C]&amp#27;[39m Matched W3C error code 'no such element' to NoSuchElementError
[debug] &amp#27;[35m[BaseDriver]&amp#27;[39m Waited for 15163 ms so far
[debug] &amp#27;[35m[WD Proxy]&amp#27;[39m Matched '/element' to command name 'findElement'
[debug] &amp#27;[35m[WD Proxy]&amp#27;[39m Proxying [POST /element] to [POST http://127.0.0.1:8100/session/A1D9F109-AD22-4078-9CB0-867FB4F28026/element] with body: {"using":"accessibility id","value":"���������� ������������"}
&amp#27;[35m[WD Proxy]&amp#27;[39m Got response with status 404: {"value":{"error":"no such element","message":"unable to find an element using 'accessibility id', value '���������� ������������'","traceback":"(\n\t0   WebDriverAgentLib                   0x0000000108e5a04d FBNoSuchElementErrorResponseForRequest + 301\n\t1   WebDriverAgentLib                   0x0000000108e59df9 +[FBFindElementCommands handleFindElement:] + 425\n\t2   WebDriverAgentLib                   0x0000000108e377d6 -[FBRoute_TargetAction mountRequest:intoResponse:] + 182\n\t3   WebDriverAgentLib                   0x0000000108e1f5cb __37-[FBWebServer registerRouteHandlers:]_block_invoke + 555\n\t4   RoutingHTTPServer                   0x0000000108f29c53 -[RoutingHTTPServer handleRoute:withRequest:response:] + 136\n\t5   RoutingHTTPServer                   0x0000000108f2a566 __72-[RoutingHTTPServer routeMethod:withPath:parameters:request:connection:]_block_invoke + 47\n\t6   libdispatch.dylib                   0x00007fff519de7b9 _dispatch_client_callout + 8\n\t7   libdispatch.dylib                   0x00007fff...
[debug] &amp#27;[35m[W3C]&amp#27;[39m Matched W3C error code 'no such element' to NoSuchElementError
[debug] &amp#27;[35m[BaseDriver]&amp#27;[39m Waited for 15745 ms so far
[debug] &amp#27;[35m[WD Proxy]&amp#27;[39m Matched '/element' to command name 'findElement'
[debug] &amp#27;[35m[WD Proxy]&amp#27;[39m Proxying [POST /element] to [POST http://127.0.0.1:8100/session/A1D9F109-AD22-4078-9CB0-867FB4F28026/element] with body: {"using":"accessibility id","value":"���������� ������������"}
&amp#27;[35m[WD Proxy]&amp#27;[39m Got response with status 404: {"value":{"error":"no such element","message":"unable to find an element using 'accessibility id', value '���������� ������������'","traceback":"(\n\t0   WebDriverAgentLib                   0x0000000108e5a04d FBNoSuchElementErrorResponseForRequest + 301\n\t1   WebDriverAgentLib                   0x0000000108e59df9 +[FBFindElementCommands handleFindElement:] + 425\n\t2   WebDriverAgentLib                   0x0000000108e377d6 -[FBRoute_TargetAction mountRequest:intoResponse:] + 182\n\t3   WebDriverAgentLib                   0x0000000108e1f5cb __37-[FBWebServer registerRouteHandlers:]_block_invoke + 555\n\t4   RoutingHTTPServer                   0x0000000108f29c53 -[RoutingHTTPServer handleRoute:withRequest:response:] + 136\n\t5   RoutingHTTPServer                   0x0000000108f2a566 __72-[RoutingHTTPServer routeMethod:withPath:parameters:request:connection:]_block_invoke + 47\n\t6   libdispatch.dylib                   0x00007fff519de7b9 _dispatch_client_callout + 8\n\t7   libdispatch.dylib                   0x00007fff...
[debug] &amp#27;[35m[W3C]&amp#27;[39m Matched W3C error code 'no such element' to NoSuchElementError
[debug] &amp#27;[35m[BaseDriver]&amp#27;[39m Waited for 16324 ms so far
[debug] &amp#27;[35m[WD Proxy]&amp#27;[39m Matched '/element' to command name 'findElement'
[debug] &amp#27;[35m[WD Proxy]&amp#27;[39m Proxying [POST /element] to [POST http://127.0.0.1:8100/session/A1D9F109-AD22-4078-9CB0-867FB4F28026/element] with body: {"using":"accessibility id","value":"���������� ������������"}
&amp#27;[35m[WD Proxy]&amp#27;[39m Got response with status 404: {"value":{"error":"no such element","message":"unable to find an element using 'accessibility id', value '���������� ������������'","traceback":"(\n\t0   WebDriverAgentLib                   0x0000000108e5a04d FBNoSuchElementErrorResponseForRequest + 301\n\t1   WebDriverAgentLib                   0x0000000108e59df9 +[FBFindElementCommands handleFindElement:] + 425\n\t2   WebDriverAgentLib                   0x0000000108e377d6 -[FBRoute_TargetAction mountRequest:intoResponse:] + 182\n\t3   WebDriverAgentLib                   0x0000000108e1f5cb __37-[FBWebServer registerRouteHandlers:]_block_invoke + 555\n\t4   RoutingHTTPServer                   0x0000000108f29c53 -[RoutingHTTPServer handleRoute:withRequest:response:] + 136\n\t5   RoutingHTTPServer                   0x0000000108f2a566 __72-[RoutingHTTPServer routeMethod:withPath:parameters:request:connection:]_block_invoke + 47\n\t6   libdispatch.dylib                   0x00007fff519de7b9 _dispatch_client_callout + 8\n\t7   libdispatch.dylib                   0x00007fff...
[debug] &amp#27;[35m[W3C]&amp#27;[39m Matched W3C error code 'no such element' to NoSuchElementError
[debug] &amp#27;[35m[BaseDriver]&amp#27;[39m Waited for 16900 ms so far
[debug] &amp#27;[35m[WD Proxy]&amp#27;[39m Matched '/element' to command name 'findElement'
[debug] &amp#27;[35m[WD Proxy]&amp#27;[39m Proxying [POST /element] to [POST http://127.0.0.1:8100/session/A1D9F109-AD22-4078-9CB0-867FB4F28026/element] with body: {"using":"accessibility id","value":"���������� ������������"}
&amp#27;[35m[WD Proxy]&amp#27;[39m Got response with status 404: {"value":{"error":"no such element","message":"unable to find an element using 'accessibility id', value '���������� ������������'","traceback":"(\n\t0   WebDriverAgentLib                   0x0000000108e5a04d FBNoSuchElementErrorResponseForRequest + 301\n\t1   WebDriverAgentLib                   0x0000000108e59df9 +[FBFindElementCommands handleFindElement:] + 425\n\t2   WebDriverAgentLib                   0x0000000108e377d6 -[FBRoute_TargetAction mountRequest:intoResponse:] + 182\n\t3   WebDriverAgentLib                   0x0000000108e1f5cb __37-[FBWebServer registerRouteHandlers:]_block_invoke + 555\n\t4   RoutingHTTPServer                   0x0000000108f29c53 -[RoutingHTTPServer handleRoute:withRequest:response:] + 136\n\t5   RoutingHTTPServer                   0x0000000108f2a566 __72-[RoutingHTTPServer routeMethod:withPath:parameters:request:connection:]_block_invoke + 47\n\t6   libdispatch.dylib                   0x00007fff519de7b9 _dispatch_client_callout + 8\n\t7   libdispatch.dylib                   0x00007fff...
[debug] &amp#27;[35m[W3C]&amp#27;[39m Matched W3C error code 'no such element' to NoSuchElementError
[debug] &amp#27;[35m[BaseDriver]&amp#27;[39m Waited for 17479 ms so far
[debug] &amp#27;[35m[WD Proxy]&amp#27;[39m Matched '/element' to command name 'findElement'
[debug] &amp#27;[35m[WD Proxy]&amp#27;[39m Proxying [POST /element] to [POST http://127.0.0.1:8100/session/A1D9F109-AD22-4078-9CB0-867FB4F28026/element] with body: {"using":"accessibility id","value":"���������� ������������"}
&amp#27;[35m[WD Proxy]&amp#27;[39m Got response with status 404: {"value":{"error":"no such element","message":"unable to find an element using 'accessibility id', value '���������� ������������'","traceback":"(\n\t0   WebDriverAgentLib                   0x0000000108e5a04d FBNoSuchElementErrorResponseForRequest + 301\n\t1   WebDriverAgentLib                   0x0000000108e59df9 +[FBFindElementCommands handleFindElement:] + 425\n\t2   WebDriverAgentLib                   0x0000000108e377d6 -[FBRoute_TargetAction mountRequest:intoResponse:] + 182\n\t3   WebDriverAgentLib                   0x0000000108e1f5cb __37-[FBWebServer registerRouteHandlers:]_block_invoke + 555\n\t4   RoutingHTTPServer                   0x0000000108f29c53 -[RoutingHTTPServer handleRoute:withRequest:response:] + 136\n\t5   RoutingHTTPServer                   0x0000000108f2a566 __72-[RoutingHTTPServer routeMethod:withPath:parameters:request:connection:]_block_invoke + 47\n\t6   libdispatch.dylib                   0x00007fff519de7b9 _dispatch_client_callout + 8\n\t7   libdispatch.dylib                   0x00007fff...
[debug] &amp#27;[35m[W3C]&amp#27;[39m Matched W3C error code 'no such element' to NoSuchElementError
[debug] &amp#27;[35m[BaseDriver]&amp#27;[39m Waited for 18068 ms so far
[debug] &amp#27;[35m[WD Proxy]&amp#27;[39m Matched '/element' to command name 'findElement'
[debug] &amp#27;[35m[WD Proxy]&amp#27;[39m Proxying [POST /element] to [POST http://127.0.0.1:8100/session/A1D9F109-AD22-4078-9CB0-867FB4F28026/element] with body: {"using":"accessibility id","value":"���������� ������������"}
&amp#27;[35m[WD Proxy]&amp#27;[39m Got response with status 404: {"value":{"error":"no such element","message":"unable to find an element using 'accessibility id', value '���������� ������������'","traceback":"(\n\t0   WebDriverAgentLib                   0x0000000108e5a04d FBNoSuchElementErrorResponseForRequest + 301\n\t1   WebDriverAgentLib                   0x0000000108e59df9 +[FBFindElementCommands handleFindElement:] + 425\n\t2   WebDriverAgentLib                   0x0000000108e377d6 -[FBRoute_TargetAction mountRequest:intoResponse:] + 182\n\t3   WebDriverAgentLib                   0x0000000108e1f5cb __37-[FBWebServer registerRouteHandlers:]_block_invoke + 555\n\t4   RoutingHTTPServer                   0x0000000108f29c53 -[RoutingHTTPServer handleRoute:withRequest:response:] + 136\n\t5   RoutingHTTPServer                   0x0000000108f2a566 __72-[RoutingHTTPServer routeMethod:withPath:parameters:request:connection:]_block_invoke + 47\n\t6   libdispatch.dylib                   0x00007fff519de7b9 _dispatch_client_callout + 8\n\t7   libdispatch.dylib                   0x00007fff...
[debug] &amp#27;[35m[W3C]&amp#27;[39m Matched W3C error code 'no such element' to NoSuchElementError
[debug] &amp#27;[35m[BaseDriver]&amp#27;[39m Waited for 18647 ms so far
[debug] &amp#27;[35m[WD Proxy]&amp#27;[39m Matched '/element' to command name 'findElement'
[debug] &amp#27;[35m[WD Proxy]&amp#27;[39m Proxying [POST /element] to [POST http://127.0.0.1:8100/session/A1D9F109-AD22-4078-9CB0-867FB4F28026/element] with body: {"using":"accessibility id","value":"���������� ������������"}
&amp#27;[35m[WD Proxy]&amp#27;[39m Got response with status 404: {"value":{"error":"no such element","message":"unable to find an element using 'accessibility id', value '���������� ������������'","traceback":"(\n\t0   WebDriverAgentLib                   0x0000000108e5a04d FBNoSuchElementErrorResponseForRequest + 301\n\t1   WebDriverAgentLib                   0x0000000108e59df9 +[FBFindElementCommands handleFindElement:] + 425\n\t2   WebDriverAgentLib                   0x0000000108e377d6 -[FBRoute_TargetAction mountRequest:intoResponse:] + 182\n\t3   WebDriverAgentLib                   0x0000000108e1f5cb __37-[FBWebServer registerRouteHandlers:]_block_invoke + 555\n\t4   RoutingHTTPServer                   0x0000000108f29c53 -[RoutingHTTPServer handleRoute:withRequest:response:] + 136\n\t5   RoutingHTTPServer                   0x0000000108f2a566 __72-[RoutingHTTPServer routeMethod:withPath:parameters:request:connection:]_block_invoke + 47\n\t6   libdispatch.dylib                   0x00007fff519de7b9 _dispatch_client_callout + 8\n\t7   libdispatch.dylib                   0x00007fff...
[debug] &amp#27;[35m[W3C]&amp#27;[39m Matched W3C error code 'no such element' to NoSuchElementError
[debug] &amp#27;[35m[BaseDriver]&amp#27;[39m Waited for 19221 ms so far
[debug] &amp#27;[35m[WD Proxy]&amp#27;[39m Matched '/element' to command name 'findElement'
[debug] &amp#27;[35m[WD Proxy]&amp#27;[39m Proxying [POST /element] to [POST http://127.0.0.1:8100/session/A1D9F109-AD22-4078-9CB0-867FB4F28026/element] with body: {"using":"accessibility id","value":"���������� ������������"}
&amp#27;[35m[WD Proxy]&amp#27;[39m Got response with status 404: {"value":{"error":"no such element","message":"unable to find an element using 'accessibility id', value '���������� ������������'","traceback":"(\n\t0   WebDriverAgentLib                   0x0000000108e5a04d FBNoSuchElementErrorResponseForRequest + 301\n\t1   WebDriverAgentLib                   0x0000000108e59df9 +[FBFindElementCommands handleFindElement:] + 425\n\t2   WebDriverAgentLib                   0x0000000108e377d6 -[FBRoute_TargetAction mountRequest:intoResponse:] + 182\n\t3   WebDriverAgentLib                   0x0000000108e1f5cb __37-[FBWebServer registerRouteHandlers:]_block_invoke + 555\n\t4   RoutingHTTPServer                   0x0000000108f29c53 -[RoutingHTTPServer handleRoute:withRequest:response:] + 136\n\t5   RoutingHTTPServer                   0x0000000108f2a566 __72-[RoutingHTTPServer routeMethod:withPath:parameters:request:connection:]_block_invoke + 47\n\t6   libdispatch.dylib                   0x00007fff519de7b9 _dispatch_client_callout + 8\n\t7   libdispatch.dylib                   0x00007fff...
[debug] &amp#27;[35m[W3C]&amp#27;[39m Matched W3C error code 'no such element' to NoSuchElementError
[debug] &amp#27;[35m[BaseDriver]&amp#27;[39m Waited for 19797 ms so far
[debug] &amp#27;[35m[WD Proxy]&amp#27;[39m Matched '/element' to command name 'findElement'
[debug] &amp#27;[35m[WD Proxy]&amp#27;[39m Proxying [POST /element] to [POST http://127.0.0.1:8100/session/A1D9F109-AD22-4078-9CB0-867FB4F28026/element] with body: {"using":"accessibility id","value":"���������� ������������"}
&amp#27;[35m[WD Proxy]&amp#27;[39m Got response with status 404: {"value":{"error":"no such element","message":"unable to find an element using 'accessibility id', value '���������� ������������'","traceback":"(\n\t0   WebDriverAgentLib                   0x0000000108e5a04d FBNoSuchElementErrorResponseForRequest + 301\n\t1   WebDriverAgentLib                   0x0000000108e59df9 +[FBFindElementCommands handleFindElement:] + 425\n\t2   WebDriverAgentLib                   0x0000000108e377d6 -[FBRoute_TargetAction mountRequest:intoResponse:] + 182\n\t3   WebDriverAgentLib                   0x0000000108e1f5cb __37-[FBWebServer registerRouteHandlers:]_block_invoke + 555\n\t4   RoutingHTTPServer                   0x0000000108f29c53 -[RoutingHTTPServer handleRoute:withRequest:response:] + 136\n\t5   RoutingHTTPServer                   0x0000000108f2a566 __72-[RoutingHTTPServer routeMethod:withPath:parameters:request:connection:]_block_invoke + 47\n\t6   libdispatch.dylib                   0x00007fff519de7b9 _dispatch_client_callout + 8\n\t7   libdispatch.dylib                   0x00007fff...
[debug] &amp#27;[35m[W3C]&amp#27;[3]]></system-out>
  </testcase>
</testsuite>