<?xml version="1.0" encoding="UTF-8"?>
<testng-results skipped="0" failed="1" ignored="0" total="1" passed="0">
  <reporter-output>
  </reporter-output>
  <suite name="Suite" duration-ms="26970" started-at="2020-03-08T23:20:20 EET" finished-at="2020-03-08T23:20:47 EET">
    <groups>
    </groups>
    <test name="Test" duration-ms="26970" started-at="2020-03-08T23:20:20 EET" finished-at="2020-03-08T23:20:47 EET">
      <class name="base.Configurations">
        <test-method status="PASS" signature="configurations()[pri:0, instance:base.Configurations@548ad73b]" name="configurations" is-config="true" duration-ms="15537" started-at="2020-03-08T23:20:04 EET" finished-at="2020-03-08T23:20:20 EET">
          <reporter-output>
          </reporter-output>
        </test-method> <!-- configurations -->
        <test-method status="PASS" signature="closeServer()[pri:0, instance:base.Configurations@548ad73b]" name="closeServer" is-config="true" duration-ms="2076" started-at="2020-03-08T23:20:47 EET" finished-at="2020-03-08T23:20:49 EET">
          <reporter-output>
          </reporter-output>
        </test-method> <!-- closeServer -->
      </class> <!-- base.Configurations -->
      <class name="delete.DeletePost">
        <test-method status="FAIL" signature="DeleteFirstPost()[pri:0, instance:delete.DeletePost@4c762604]" name="DeleteFirstPost" duration-ms="26841" started-at="2020-03-08T23:20:20 EET" finished-at="2020-03-08T23:20:47 EET">
          <exception class="java.lang.AssertionError">
            <message>
              <![CDATA[expected [جيهيزغسغس] but found [imran]]]>
            </message>
            <full-stacktrace>
              <![CDATA[java.lang.AssertionError: expected [جيهيزغسغس] but found [imran]
at org.testng.Assert.fail(Assert.java:97)
at org.testng.Assert.assertEqualsImpl(Assert.java:136)
at org.testng.Assert.assertEquals(Assert.java:118)
at org.testng.Assert.assertEquals(Assert.java:575)
at org.testng.Assert.assertEquals(Assert.java:585)
at delete.DeletePost.DeleteFirstPost(DeletePost.java:65)
at sun.reflect.NativeMethodAccessorImpl.invoke0(Native Method)
at sun.reflect.NativeMethodAccessorImpl.invoke(NativeMethodAccessorImpl.java:62)
at sun.reflect.DelegatingMethodAccessorImpl.invoke(DelegatingMethodAccessorImpl.java:43)
at java.lang.reflect.Method.invoke(Method.java:498)
at org.testng.internal.MethodInvocationHelper.invokeMethod(MethodInvocationHelper.java:133)
at org.testng.internal.TestInvoker.invokeMethod(TestInvoker.java:584)
at org.testng.internal.TestInvoker.invokeTestMethod(TestInvoker.java:172)
at org.testng.internal.MethodRunner.runInSequence(MethodRunner.java:46)
at org.testng.internal.TestInvoker$MethodInvocationAgent.invoke(TestInvoker.java:804)
at org.testng.internal.TestInvoker.invokeTestMethods(TestInvoker.java:145)
at org.testng.internal.TestMethodWorker.invokeTestMethods(TestMethodWorker.java:146)
at org.testng.internal.TestMethodWorker.run(TestMethodWorker.java:128)
at java.util.ArrayList.forEach(ArrayList.java:1257)
at org.testng.TestRunner.privateRun(TestRunner.java:770)
at org.testng.TestRunner.run(TestRunner.java:591)
at org.testng.SuiteRunner.runTest(SuiteRunner.java:402)
at org.testng.SuiteRunner.runSequentially(SuiteRunner.java:396)
at org.testng.SuiteRunner.privateRun(SuiteRunner.java:355)
at org.testng.SuiteRunner.run(SuiteRunner.java:304)
at org.testng.SuiteRunnerWorker.runSuite(SuiteRunnerWorker.java:53)
at org.testng.SuiteRunnerWorker.run(SuiteRunnerWorker.java:96)
at org.testng.TestNG.runSuitesSequentially(TestNG.java:1180)
at org.testng.TestNG.runSuitesLocally(TestNG.java:1102)
at org.testng.TestNG.runSuites(TestNG.java:1032)
at org.testng.TestNG.run(TestNG.java:1000)
at org.testng.remote.AbstractRemoteTestNG.run(AbstractRemoteTestNG.java:115)
at org.testng.remote.RemoteTestNG.initAndRun(RemoteTestNG.java:251)
at org.testng.remote.RemoteTestNG.main(RemoteTestNG.java:77)
]]>
            </full-stacktrace>
          </exception> <!-- java.lang.AssertionError -->
          <reporter-output>
          </reporter-output>
        </test-method> <!-- DeleteFirstPost -->
      </class> <!-- delete.DeletePost -->
    </test> <!-- Test -->
  </suite> <!-- Suite -->
</testng-results>
